Method 'SystemVoidCosmosSystemKernelStart', ID = '0'
Method 'SystemVoidCosmosIL2CPURuntimeEngineInitializeApplication', ID = '1'
Method 'SystemVoidCosmosIL2CPURuntimeEngineFinalizeApplicationSystemInt32', ID = '2'
Method 'SystemBooleanCosmosIL2CPUVTablesImplIsInstanceSystemUInt32SystemUInt32SystemBoolean', ID = '3'
Method 'SystemVoidCosmosIL2CPUVTablesImplSetTypeInfoSystemInt32SystemUInt32SystemUInt32SystemUInt32arraySystemUInt32SystemUInt32arraySystemUInt32arraySystemUInt32SystemUInt32arraySystemUInt32array', ID = '4'
Method 'SystemVoidCosmosIL2CPUVTablesImplSetInterfaceInfoSystemInt32SystemInt32SystemUInt32', ID = '5'
Method 'SystemVoidCosmosIL2CPUVTablesImplSetMethodInfoSystemInt32SystemInt32SystemUInt32SystemUInt32', ID = '6'
Method 'SystemVoidCosmosIL2CPUVTablesImplSetInterfaceMethodInfoSystemInt32SystemInt32SystemUInt32SystemUInt32', ID = '7'
Method 'SystemUInt32CosmosIL2CPUVTablesImplGetMethodAddressForTypeSystemUInt32SystemUInt32', ID = '8'
Method 'SystemUInt32CosmosIL2CPUVTablesImplGetMethodAddressForInterfaceTypeSystemUInt32SystemUInt32', ID = '9'
Method 'SystemVoidCosmosIL2CPUExceptionHelperThrowNotImplementedSystemString', ID = '13'
Method 'SystemVoidCosmosIL2CPUExceptionHelperThrowOverflow', ID = '14'
Method 'SystemVoidCosmosIL2CPUExceptionHelperThrowInvalidOperationSystemString', ID = '15'
Method 'SystemVoidCosmosIL2CPUExceptionHelperThrowArgumentOutOfRangeSystemString', ID = '16'
Method 'SystemVoidSystemArrayctor', ID = '18'
Method 'SystemDelegatearraySystemMulticastDelegateGetInvocationList', ID = '19'
Method 'SystemVoidCosmosIL2CPUExceptionHelperThrowInvalidCastException', ID = '21'
Method 'SystemVoidCosmosIL2CPUExceptionHelperThrowNotFiniteNumberExceptionSystemDouble', ID = '22'
Method 'SystemVoidCosmosIL2CPUExceptionHelperThrowDivideByZeroException', ID = '23'
Method 'SystemVoidCosmosIL2CPUExceptionHelperThrowIndexOutOfRangeException', ID = '24'
Method 'SystemVoidManagedSoftwareImplementationKernelctor', ID = '25'
Method 'SystemVoidCosmosDebugKernelDebuggerSendSystemString', ID = '30'
Method 'SystemVoidCosmosHALBootstrapInit', ID = '34'
Method 'CosmosHALTextScreenBaseCosmosSystemKernelGetTextScreen', ID = '35'
Method 'SystemVoidCosmosSystemGlobalInitCosmosHALTextScreenBase', ID = '36'
Method 'SystemVoidCosmosSystemKernelBeforeRun', ID = '37'
Method 'SystemVoidCosmosHALGlobalEnableInterrupts', ID = '38'
Method 'SystemVoidCosmosSystemKernelAfterRun', ID = '40'
Method 'SystemVoidCosmosIL2CPURuntimeEngineInitializeEngine', ID = '44'
Method 'SystemVoidCosmosIL2CPURuntimeEngineHeap_Initialize', ID = '45'
Method 'SystemVoidCosmosIL2CPURuntimeEngineFinalizeEngine', ID = '47'
Method 'SystemVoidCosmosIL2CPURuntimeEngineExitProcessSystemInt32', ID = '48'
Method 'SystemVoidCosmosIL2CPUVTablesImplDebugSystemString', ID = '54'
Method 'SystemVoidCosmosIL2CPUVTablesImplDebugHexSystemStringSystemUInt32', ID = '55'
Method 'SystemVoidCosmosIL2CPUVTablesImplDebugAndHaltSystemString', ID = '57'
Method 'SystemVoidCosmosDebugKernelPlugsAsmDebuggerAsmSendKernelPanicSystemUInt32', ID = '59'
Method 'SystemVoidCosmosCore_PlugsGCImplementionImplIncRefCountSystemUInt32', ID = '61'
Method 'SystemVoidCosmosCore_PlugsGCImplementionImplDecRefCountSystemUInt32', ID = '62'
Method 'SystemUInt32CosmosCore_PlugsGCImplementionImplAllocNewObjectSystemUInt32', ID = '63'
Method 'SystemVoidSystemNotImplementedExceptionctorSystemString', ID = '65'
Method 'SystemVoidSystemOverflowExceptionctorSystemString', ID = '66'
Method 'SystemVoidSystemInvalidOperationExceptionctorSystemString', ID = '67'
Method 'SystemVoidSystemArgumentOutOfRangeExceptionctorSystemString', ID = '68'
Method 'SystemDelegatearraySystemDelegateGetInvocationList', ID = '79'
Method 'SystemInt32SystemIntPtrop_ExplicitSystemIntPtr', ID = '82'
Method 'SystemVoidSystemInvalidCastExceptionctor', ID = '83'
Method 'SystemVoidSystemNotFiniteNumberExceptionctorSystemDouble', ID = '85'
Method 'SystemVoidSystemDivideByZeroExceptionctor', ID = '86'
Method 'SystemVoidSystemIndexOutOfRangeExceptionctor', ID = '87'
Method 'SystemVoidCosmosSystemKernelctor', ID = '89'
Method 'SystemVoidCosmosSystemGlobalcctor', ID = '91'
Method 'SystemVoidCosmosCore_PlugsSystemExceptionImplCtorSystemString', ID = '95'
Method 'SystemVoidCosmosCoreBootstrapInit', ID = '102'
Method 'SystemVoidCosmosSystemConsolectorCosmosHALTextScreenBase', ID = '104'
Method 'SystemVoidCosmosHALGlobalInitCosmosHALTextScreenBase', ID = '106'
Method 'SystemVoidCosmosSystemGlobalset_NumLockSystemBoolean', ID = '107'
Method 'SystemVoidCosmosSystemGlobalset_CapsLockSystemBoolean', ID = '108'
Method 'SystemVoidCosmosSystemGlobalset_ScrollLockSystemBoolean', ID = '109'
Method 'SystemVoidManagedSoftwareImplementationKernelBeforeRun', ID = '110'
Method 'SystemVoidCosmosCoreCPUEnableInterrupts', ID = '112'
Method 'SystemVoidManagedSoftwareImplementationKernelRun', ID = '113'
Method 'SystemVoidCosmosSystem_PlugsSystemConsoleImplWriteLineSystemString', ID = '115'
Method 'SystemStringSystemValueTypeToString', ID = '116'
Method 'SystemStringSystemStringToString', ID = '117'
Method 'SystemStringSystemBooleanToString', ID = '120'
Method 'SystemStringCosmosCore_PlugsSystemObjectImplToString', ID = '123'
Method 'SystemVoidCosmosIL2CPURuntimeEnginecctor', ID = '124'
Method 'SystemVoidSystemBooleancctor', ID = '130'
Method 'SystemVoidCosmosIL2CPUVTablesImplcctor', ID = '133'
Method 'SystemVoidCosmosDebugKernelDebuggerSendNumberSystemUInt32', ID = '135'
Method 'SystemVoidCosmosCoreMemoryOldGlobalSystemInfoEnsureInitialized', ID = '143'
Method 'SystemUInt32CosmosCoreMemoryOldHeapMemAllocSystemUInt32', ID = '144'
Method 'SystemVoidSystemSystemExceptionctorSystemString', ID = '146'
Method 'SystemVoidSystemExceptionset_HResultSystemInt32', ID = '147'
Method 'SystemVoidSystemArithmeticExceptionctorSystemString', ID = '149'
Method 'SystemStringSystemSRget_Arg_ArgumentOutOfRangeException', ID = '152'
Method 'SystemVoidSystemArgumentExceptionctorSystemStringSystemString', ID = '153'
Method 'SystemVoidCosmosCore_PlugsSystemObjectImplCtor', ID = '154'
Method 'SystemStringSystemSRget_Arg_InvalidCastException', ID = '168'
Method 'SystemVoidSystemDoublecctor', ID = '169'
Method 'SystemVoidSystemArithmeticExceptionctor', ID = '173'
Method 'SystemStringSystemSRget_Arg_DivideByZero', ID = '175'
Method 'SystemStringSystemSRget_Arg_IndexOutOfRangeException', ID = '177'
Method 'SystemVoidCosmosDebugKernelDebuggerctorSystemStringSystemString', ID = '178'
Method 'SystemVoidCosmosDebugKernelPlugsAsmDebuggerAsmDoSendSystemString', ID = '180'
Method 'SystemVoidSystemExceptioncctor', ID = '181'
Method 'SystemVoidCosmosCoreINTsDummy', ID = '185'
Method 'SystemVoidCosmosCorePICctor', ID = '186'
Method 'SystemVoidCosmosHALTextScreenctor', ID = '194'
Method 'SystemVoidCosmosCoreGlobalInit', ID = '197'
Method 'SystemVoidCosmosHALPCISetup', ID = '199'
Method 'SystemVoidCosmosCoreACPIStartSystemBooleanSystemBoolean', ID = '200'
Method 'SystemVoidCosmosHALPS2ControllerInitialize', ID = '202'
Method 'SystemVoidCosmosHALBlockDeviceIDEInitDriver', ID = '203'
Method 'SystemVoidCosmosHALBlockDeviceAHCIInitDriver', ID = '204'
Method 'SystemVoidCosmosSystemKeyboardManagerset_NumLockSystemBoolean', ID = '205'
Method 'SystemVoidCosmosSystemKeyboardManagerset_CapsLockSystemBoolean', ID = '206'
Method 'SystemVoidCosmosSystemKeyboardManagerset_ScrollLockSystemBoolean', ID = '207'
Method 'SystemVoidManagedSoftwareImplementationSoftwareExecutionSoftwarector', ID = '208'
Method 'SystemVoidCosmosHALGlobalcctor', ID = '209'
Method 'SystemVoidManagedSoftwareImplementationKernelSysCallPrint', ID = '213'
Method 'SystemVoidCosmosCore_AsmDelegateImplCtorSystemObjectSystemIntPtr', ID = '384'
Method 'SystemVoidManagedSoftwareImplementationSoftwareExecutionSoftwareAddSysCallManagedSoftwareImplementationSoftwareExecutionSoftwareSystemCallFuncSystemInt32', ID = '215'
Method 'SystemVoidManagedSoftwareImplementationSoftwareExecutionSoftwarerunNextInstr', ID = '216'
Method 'SystemVoidSystemConsolecctor', ID = '217'
Method 'SystemStringSystemEnvironmentget_NewLine', ID = '219'
Method 'SystemStringSystemStringConcatSystemStringSystemString', ID = '220'
Method 'SystemVoidCosmosSystem_PlugsSystemConsoleImplWriteSystemString', ID = '221'
Method 'SystemStringCosmosSystem_PlugsSystemInt32ImplToString', ID = '223'
Method 'SystemStringCosmosSystem_PlugsSystemUInt32ImplToString', ID = '224'
Method 'SystemStringCosmosSystem_PlugsSystemDoubleImplToString', ID = '225'
Method 'SystemStringCosmosCore_PlugsSystemExceptionImplToString', ID = '226'
Method 'SystemUInt32CosmosCoreMemoryOldGlobalSystemInfoget_TotalDataLookupTableSize', ID = '238'
Method 'SystemBooleanCosmosCoreCPUDisableInterrupts', ID = '242'
Method 'SystemVoidCosmosCoreMemoryOldHeapEnsureIsInitialized', ID = '243'
Method 'CosmosCoreMemoryOldGlobalInformationTablepointerCosmosCoreMemoryOldGlobalSystemInfoget_GlobalInformationTable', ID = '244'
Method 'SystemBooleanCosmosCoreMemoryOldHeapScanDataLookupTableCosmosCoreMemoryOldDataLookupTablepointerSystemUInt32SystemUInt32', ID = '246'
Method 'CosmosCoreMemoryOldDataLookupEntrypointerCosmosCoreMemoryOldDataLookupTableGetEntrySystemUInt32', ID = '249'
Method 'SystemVoidCosmosCoreMemoryOldHeapClearMemorySystemVoidpointerSystemUInt32', ID = '251'
Method 'SystemStringSystemSRGetResourceStringSystemStringSystemString', ID = '256'
Method 'SystemDoubleSystemBitConverterInt64BitsToDoubleSystemInt64', ID = '259'
Method 'SystemStringSystemSRget_Arg_ArithmeticException', ID = '261'
Method 'SystemVoidCosmosCoreBootstrapcctor', ID = '263'
Method 'SystemVoidCosmosCoreINTsHandleInterrupt_DefaultCosmosCoreINTsIRQContext', ID = '266'
Method 'SystemVoidCosmosCoreINTsHandleInterrupt_00CosmosCoreINTsIRQContext', ID = '267'
Method 'SystemVoidCosmosCoreINTsHandleInterrupt_01CosmosCoreINTsIRQContext', ID = '268'
Method 'SystemVoidCosmosCoreINTsHandleInterrupt_02CosmosCoreINTsIRQContext', ID = '269'
Method 'SystemVoidCosmosCoreINTsHandleInterrupt_03CosmosCoreINTsIRQContext', ID = '270'
Method 'SystemVoidCosmosCoreINTsHandleInterrupt_04CosmosCoreINTsIRQContext', ID = '271'
Method 'SystemVoidCosmosCoreINTsHandleInterrupt_05CosmosCoreINTsIRQContext', ID = '272'
Method 'SystemVoidCosmosCoreINTsHandleInterrupt_06CosmosCoreINTsIRQContext', ID = '273'
Method 'SystemVoidCosmosCoreINTsHandleInterrupt_07CosmosCoreINTsIRQContext', ID = '274'
Method 'SystemVoidCosmosCoreINTsHandleInterrupt_08CosmosCoreINTsIRQContext', ID = '275'
Method 'SystemVoidCosmosCoreINTsHandleInterrupt_09CosmosCoreINTsIRQContext', ID = '276'
Method 'SystemVoidCosmosCoreINTsHandleInterrupt_0ACosmosCoreINTsIRQContext', ID = '277'
Method 'SystemVoidCosmosCoreINTsHandleInterrupt_0BCosmosCoreINTsIRQContext', ID = '278'
Method 'SystemVoidCosmosCoreINTsHandleInterrupt_0CCosmosCoreINTsIRQContext', ID = '279'
Method 'SystemVoidCosmosCoreINTsHandleInterrupt_0DCosmosCoreINTsIRQContext', ID = '280'
Method 'SystemVoidCosmosCoreINTsHandleInterrupt_0ECosmosCoreINTsIRQContext', ID = '281'
Method 'SystemVoidCosmosCoreINTsHandleInterrupt_0FCosmosCoreINTsIRQContext', ID = '282'
Method 'SystemVoidCosmosCoreINTsHandleInterrupt_10CosmosCoreINTsIRQContext', ID = '283'
Method 'SystemVoidCosmosCoreINTsHandleInterrupt_11CosmosCoreINTsIRQContext', ID = '284'
Method 'SystemVoidCosmosCoreINTsHandleInterrupt_12CosmosCoreINTsIRQContext', ID = '285'
Method 'SystemVoidCosmosCoreINTsHandleInterrupt_13CosmosCoreINTsIRQContext', ID = '286'
Method 'SystemVoidCosmosCoreINTsHandleInterrupt_20CosmosCoreINTsIRQContext', ID = '287'
Method 'SystemVoidCosmosCoreINTsHandleInterrupt_21CosmosCoreINTsIRQContext', ID = '288'
Method 'SystemVoidCosmosCoreINTsHandleInterrupt_22CosmosCoreINTsIRQContext', ID = '289'
Method 'SystemVoidCosmosCoreINTsHandleInterrupt_23CosmosCoreINTsIRQContext', ID = '290'
Method 'SystemVoidCosmosCoreINTsHandleInterrupt_24CosmosCoreINTsIRQContext', ID = '291'
Method 'SystemVoidCosmosCoreINTsHandleInterrupt_25CosmosCoreINTsIRQContext', ID = '292'
Method 'SystemVoidCosmosCoreINTsHandleInterrupt_26CosmosCoreINTsIRQContext', ID = '293'
Method 'SystemVoidCosmosCoreINTsHandleInterrupt_27CosmosCoreINTsIRQContext', ID = '294'
Method 'SystemVoidCosmosCoreINTsHandleInterrupt_28CosmosCoreINTsIRQContext', ID = '295'
Method 'SystemVoidCosmosCoreINTsHandleInterrupt_29CosmosCoreINTsIRQContext', ID = '296'
Method 'SystemVoidCosmosCoreINTsHandleInterrupt_2ACosmosCoreINTsIRQContext', ID = '297'
Method 'SystemVoidCosmosCoreINTsHandleInterrupt_2BCosmosCoreINTsIRQContext', ID = '298'
Method 'SystemVoidCosmosCoreINTsHandleInterrupt_2CCosmosCoreINTsIRQContext', ID = '299'
Method 'SystemVoidCosmosCoreINTsHandleInterrupt_2DCosmosCoreINTsIRQContext', ID = '300'
Method 'SystemVoidCosmosCoreINTsHandleInterrupt_2ECosmosCoreINTsIRQContext', ID = '301'
Method 'SystemVoidCosmosCoreINTsHandleInterrupt_2FCosmosCoreINTsIRQContext', ID = '302'
Method 'SystemVoidCosmosCoreINTsHandleInterrupt_30CosmosCoreINTsIRQContext', ID = '303'
Method 'SystemVoidCosmosCoreINTsHandleInterrupt_35CosmosCoreINTsIRQContext', ID = '304'
Method 'SystemVoidCosmosCoreINTsHandleInterrupt_40CosmosCoreINTsIRQContext', ID = '305'
Method 'SystemVoidCosmosCoreINTsHandleInterrupt_41CosmosCoreINTsIRQContext', ID = '306'
Method 'SystemVoidCosmosCoreINTsHandleInterrupt_42CosmosCoreINTsIRQContext', ID = '307'
Method 'SystemVoidCosmosCoreINTsHandleInterrupt_43CosmosCoreINTsIRQContext', ID = '308'
Method 'SystemVoidCosmosCoreINTsHandleInterrupt_44CosmosCoreINTsIRQContext', ID = '309'
Method 'SystemVoidCosmosCoreINTsHandleInterrupt_45CosmosCoreINTsIRQContext', ID = '310'
Method 'SystemVoidCosmosCoreINTsHandleInterrupt_46CosmosCoreINTsIRQContext', ID = '311'
Method 'SystemVoidCosmosCoreINTsHandleInterrupt_47CosmosCoreINTsIRQContext', ID = '312'
Method 'SystemVoidCosmosCoreINTsHandleInterrupt_48CosmosCoreINTsIRQContext', ID = '313'
Method 'SystemVoidCosmosCoreINTsHandleInterrupt_49CosmosCoreINTsIRQContext', ID = '314'
Method 'SystemVoidCosmosCoreIOGroupPICctorSystemBoolean', ID = '316'
Method 'SystemVoidCosmosCorePICRemapSystemByteSystemByteSystemByteSystemByte', ID = '317'
Method 'SystemVoidCosmosCore_AsmCPUImplUpdateIDTSystemBoolean', ID = '318'
Method 'SystemVoidCosmosCore_AsmCPUImplInitSSE', ID = '319'
Method 'SystemVoidCosmosCore_AsmCPUImplInitFloat', ID = '320'
Method 'SystemVoidCosmosCoreIOGroupTextScreenctor', ID = '322'
Method 'SystemVoidCosmosHALTextScreenBasector', ID = '323'
Method 'SystemVoidCosmosSystem_PlugsSystemConsoleImplClear', ID = '332'
Method 'SystemVoidSystemCollectionsGenericList1anonymousTypeCosmosHALPCIDevicector', ID = '334'
Method 'SystemUInt16CosmosHALPCIDeviceGetHeaderTypeSystemUInt16SystemUInt16SystemUInt16', ID = '336'
Method 'SystemVoidCosmosHALPCICheckBusSystemUInt16', ID = '337'
Method 'SystemUInt16CosmosHALPCIDeviceGetVendorIDSystemUInt16SystemUInt16SystemUInt16', ID = '338'
Method 'SystemBooleanCosmosCoreACPIInit', ID = '340'
Method 'SystemVoidCosmosCoreACPIEnable', ID = '341'
Method 'SystemVoidCosmosHALPS2ControllerSendCommandCosmosHALPS2ControllerCommandSystemNullable1anonymousTypeSystemByte', ID = '344'
Method 'SystemByteCosmosHALPS2ControllerReadData', ID = '345'
Method 'SystemBooleanCosmosHALPS2ControllerWaitToReadData', ID = '346'
Method 'SystemVoidSystemNullable1anonymousTypeSystemBytectorSystemByte', ID = '347'
Method 'SystemBooleanCosmosHALPS2ControllerTestPortSystemByte', ID = '348'
Method 'SystemVoidCosmosHALPS2ControllerIdentifyDeviceSystemByteCosmosHALDevice', ID = '349'
Method 'SystemVoidCosmosHALBlockDeviceIDEInitializeCosmosHALBlockDeviceAtaControllerIdEnumCosmosHALBlockDeviceAtaBusPositionEnum', ID = '352'
Method 'SystemVoidCosmosHALBlockDeviceAHCIctorCosmosHALPCIDevice', ID = '355'
Method 'SystemVoidSystemCollectionsGenericList1anonymousTypeSystemBytector', ID = '364'
Method 'SystemVoidSystemCollectionsGenericList1anonymousTypeSystemByteAddSystemByte', ID = '365'
Method 'SystemBytearraySystemCollectionsGenericList1anonymousTypeSystemByteToArray', ID = '366'
Method 'SystemVoidManagedSoftwareImplementationSoftwareExecutionSoftwareload32Regs', ID = '367'
Method 'SystemVoidSystemCollectionsGenericDictionary2SystemByteSystemDelegatector', ID = '368'
Method 'SystemVoidSystemCollectionsGenericDictionary2SystemByteSystemInt32ctor', ID = '369'
Method 'SystemVoidManagedSoftwareImplementationSoftwareExecutionSoftwareMOVSystemBytearray', ID = '370'
Method 'SystemVoidCosmosCore_AsmDelegateImplCtorSystemObjectSystemIntPtr', ID = '384'
Method 'SystemVoidSystemCollectionsGenericDictionary2SystemByteSystemDelegateAddSystemByteSystemDelegate', ID = '372'
Method 'SystemVoidSystemCollectionsGenericDictionary2SystemByteSystemInt32AddSystemByteSystemInt32', ID = '373'
Method 'SystemVoidManagedSoftwareImplementationSoftwareExecutionSoftwareSETSystemBytearray', ID = '374'
Method 'SystemVoidManagedSoftwareImplementationSoftwareExecutionSoftwareSYSCALLSystemBytearray', ID = '375'
Method 'SystemVoidManagedSoftwareImplementationSoftwareExecutionSoftwarepopSystemBytearray', ID = '376'
Method 'SystemVoidManagedSoftwareImplementationSoftwareExecutionSoftwarepushSystemBytearray', ID = '377'
Method 'SystemVoidCosmosHALPITctor', ID = '378'
Method 'SystemVoidCosmosHALPS2Controllerctor', ID = '380'
Method 'SystemVoidCosmosCore_AsmCPUImplDoEnableInterrupts', ID = '381'
Method 'SystemByteManagedSoftwareImplementationSoftwareExecutionSoftwareGetPointerDataSystemByte', ID = '382'
Method 'SystemByteManagedSoftwareImplementationSoftwareExecutionSoftwaregetOPByte', ID = '385'
Method 'SystemVoidManagedSoftwareImplementationSoftwareExecutionSoftwareSetPointerDataSystemByteSystemByte', ID = '386'
Method 'SystemInt32SystemCollectionsGenericDictionary2SystemByteSystemInt32get_ItemSystemByte', ID = '387'
Method 'SystemDelegateSystemCollectionsGenericDictionary2SystemByteSystemDelegateget_ItemSystemByte', ID = '388'
Method 'SystemVoidCosmosCore_AsmDelegateImplInvoke', ID = '594'
Method 'SystemVoidCosmosSystem_PlugsSystemConsoleImplcctor', ID = '394'
Method 'SystemBooleanSystemStringIsNullOrEmptySystemString', ID = '396'
Method 'SystemVoidSystemStringFillStringCheckedSystemStringSystemInt32SystemString', ID = '399'
Method 'CosmosSystemConsoleCosmosSystem_PlugsSystemConsoleImplGetConsole', ID = '400'
Method 'SystemBytearraySystemTextEncodingGetBytesSystemString', ID = '402'
Method 'SystemVoidCosmosSystemConsoleWriteSystemBytearray', ID = '403'
Method 'SystemTypeCosmosCore_PlugsSystemObjectImplGetType', ID = '405'
Method 'SystemStringCosmosCommonStringHelperGetNumberStringSystemInt32', ID = '408'
Method 'SystemStringCosmosCommonStringHelperGetNumberStringSystemUInt32', ID = '411'
Method 'SystemStringCosmosCommonStringHelperGetNumberStringSystemDouble', ID = '414'
Method 'SystemVoidCosmosCore_PlugsSystemObjectImplcctor', ID = '416'
Method 'SystemVoidCosmosDebugKernelPlugsAsmDebuggerAsmDoSendNumberSystemUInt32', ID = '417'
Method 'SystemUInt32CosmosCore_AsmCPUImplGetEndOfKernel', ID = '418'
Method 'SystemVoidCosmosCore_AsmCPUImplZeroFillSystemUInt32SystemUInt32', ID = '419'
Method 'SystemVoidCosmosCoreMemoryOldHeapcctor', ID = '420'
Method 'SystemVoidCosmosCoreMemoryOldHeapDoInitializeSystemUInt32', ID = '424'
Method 'SystemVoidSystemSRcctor', ID = '429'
Method 'SystemStringCosmosSystem_PlugsSystemIntPtrImplToString', ID = '432'
Method 'SystemVoidCosmosCoreCPUctor', ID = '435'
Method 'SystemVoidCosmosCoreINTscctor', ID = '436'
Method 'CosmosCorePICCosmosCoreGlobalget_PIC', ID = '438'
Method 'SystemVoidCosmosCorePICEoiSlave', ID = '439'
Method 'SystemVoidCosmosCorePICEoiMaster', ID = '440'
Method 'SystemVoidCosmosCoreINTsHandleExceptionSystemUInt32SystemStringSystemStringCosmosCoreINTsIRQContextSystemUInt32', ID = '441'
Method 'SystemVoidCosmosCore_AsmDelegateImplInvoke', ID = '594'
Method 'SystemVoidCosmosCoreINTsIRQSystemUInt32CosmosCoreINTsIRQContext', ID = '445'
Method 'SystemVoidCosmosCoreIOPortctorSystemUInt16', ID = '448'
Method 'SystemVoidCosmosCoreIOGroupIOGroupctor', ID = '449'
Method 'SystemByteCosmosCoreIOPortget_Byte', ID = '451'
Method 'SystemVoidCosmosCoreIOPortset_ByteSystemByte', ID = '452'
Method 'SystemVoidCosmosCoreIOPortWait', ID = '453'
Method 'SystemVoidCosmosCoreMemoryBlockctorSystemUInt32SystemUInt32', ID = '455'
Method 'SystemVoidCosmosHALDevicector', ID = '456'
Method 'SystemVoidCosmosHALTextScreenSetColorsSystemConsoleColorSystemConsoleColor', ID = '459'
Method 'SystemUInt16CosmosHALTextScreenget_Cols', ID = '461'
Method 'SystemUInt16CosmosHALTextScreenget_Rows', ID = '462'
Method 'SystemVoidCosmosHALTextScreenSetCursorSizeSystemInt32', ID = '463'
Method 'SystemVoidCosmosHALTextScreenSetCursorVisibleSystemBoolean', ID = '464'
Method 'SystemVoidCosmosCoreGlobalcctor', ID = '465'
Method 'SystemVoidCosmosSystemConsoleClear', ID = '466'
Method 'SystemUInt32CosmosHALPCIDeviceGetAddressBaseSystemUInt32SystemUInt32SystemUInt32', ID = '470'
Method 'SystemVoidCosmosCoreIOPortset_DWordSystemUInt32', ID = '473'
Method 'SystemUInt32CosmosCoreIOPortget_DWord', ID = '474'
Method 'SystemVoidCosmosHALPCIDevicectorSystemUInt32SystemUInt32SystemUInt32', ID = '475'
Method 'SystemVoidCosmosHALPCICheckFunctionCosmosHALPCIDevice', ID = '476'
Method 'SystemVoidCosmosCoreACPIcctor', ID = '477'
Method 'SystemUInt32CosmosCoreACPIRSDPAddress', ID = '478'
Method 'SystemInt32CosmosCoreACPIacpiCheckHeaderSystemBytepointerSystemString', ID = '479'
Method 'SystemInt32pointerCosmosCoreACPIfacpgetSystemInt32', ID = '481'
Method 'SystemInt32CosmosCoreACPICompareSystemStringSystemBytepointer', ID = '482'
Method 'SystemByteCosmosCoreACPIfacpbgetSystemInt32', ID = '486'
Method 'SystemStringSystemNullable1anonymousTypeSystemByteToString', ID = '497'
Method 'SystemBooleanCosmosHALPS2ControllerWaitToWrite', ID = '499'
Method 'SystemVoidCosmosCoreIOPortWriteset_ByteSystemByte', ID = '501'
Method 'SystemBooleanSystemNullable1anonymousTypeSystemByteget_HasValue', ID = '502'
Method 'SystemByteSystemNullable1anonymousTypeSystemByteget_Value', ID = '503'
Method 'SystemByteCosmosCoreIOPortReadget_Byte', ID = '504'
Method 'SystemStringCosmosCommonExtensionsToHexStringToHexSystemByte', ID = '506'
Method 'SystemStringSystemStringConcatSystemStringSystemStringSystemStringSystemString', ID = '507'
Method 'SystemStringSystemStringConcatSystemStringarray', ID = '508'
Method 'SystemStringSystemStringConcatSystemStringSystemStringSystemString', ID = '509'
Method 'SystemVoidCosmosHALPS2ControllerSendDeviceCommandCosmosHALPS2ControllerDeviceCommandSystemBooleanSystemNullable1anonymousTypeSystemByte', ID = '511'
Method 'SystemBooleanCosmosHALPS2ControllerReadByteAfterAckWithTimeoutSystemByte', ID = '512'
Method 'SystemVoidCosmosHALPS2MousectorSystemByteSystemByte', ID = '513'
Method 'SystemBooleanCosmosHALPS2ControllerReadDataWithTimeoutSystemByte', ID = '515'
Method 'SystemVoidCosmosHALPS2KeyboardctorSystemByte', ID = '516'
Method 'SystemVoidCosmosHALBlockDeviceIDEcctor', ID = '518'
Method 'SystemVoidCosmosHALBlockDeviceAtaPioctorCosmosCoreIOGroupATACosmosHALBlockDeviceAtaControllerIdEnumCosmosHALBlockDeviceAtaBusPositionEnum', ID = '523'
Method 'CosmosHALBlockDeviceAtaPioSpecLevelCosmosHALBlockDeviceAtaPioget_DriveType', ID = '524'
Method 'SystemVoidSystemCollectionsGenericList1anonymousTypeCosmosHALBlockDeviceBlockDeviceAddCosmosHALBlockDeviceBlockDevice', ID = '527'
Method 'SystemVoidCosmosHALBlockDeviceMBRctorSystemBytearray', ID = '531'
Method 'SystemVoidCosmosHALBlockDeviceEBRctorSystemBytearray', ID = '533'
Method 'SystemInt32SystemCollectionsGenericList1anonymousTypeCosmosHALBlockDeviceEBRPartInfoget_Count', ID = '535'
Method 'SystemInt32SystemCollectionsGenericList1anonymousTypeCosmosHALBlockDeviceMBRPartInfoget_Count', ID = '536'
Method 'SystemVoidCosmosDebugKernelDebuggerSendNumberSystemInt32', ID = '537'
Method 'CosmosHALBlockDeviceMBRPartInfoSystemCollectionsGenericList1anonymousTypeCosmosHALBlockDeviceMBRPartInfoget_ItemSystemInt32', ID = '538'
Method 'SystemVoidCosmosHALBlockDevicePartitionctorCosmosHALBlockDeviceBlockDeviceSystemUInt64SystemUInt64', ID = '540'
Method 'SystemVoidCosmosHALBlockDeviceAHCIcctor', ID = '541'
Method 'SystemVoidCosmosHALPCIDeviceEnableBusMasterSystemBoolean', ID = '542'
Method 'SystemVoidCosmosHALPCIDeviceEnableMemorySystemBoolean', ID = '543'
Method 'SystemUInt32CosmosHALPCIBaseAddressBarget_BaseAddress', ID = '544'
Method 'SystemVoidCosmosHALBlockDeviceRegistersGenericRegistersctorSystemUInt32', ID = '546'
Method 'SystemUInt32CosmosHALBlockDeviceRegistersGenericRegistersget_GlobalHostControl', ID = '548'
Method 'SystemVoidCosmosHALBlockDeviceRegistersGenericRegistersset_GlobalHostControlSystemUInt32', ID = '549'
Method 'SystemVoidCosmosHALBlockDeviceAHCIGetCapabilities', ID = '550'
Method 'SystemVoidSystemCollectionsGenericList1anonymousTypeCosmosHALBlockDevicePortsStoragePortset_CapacitySystemInt32', ID = '553'
Method 'SystemVoidCosmosHALBlockDeviceAHCIGetPorts', ID = '554'
Method 'SystemCollectionsGenericList1EnumeratoranonymousTypeCosmosHALBlockDevicePortsStoragePortSystemCollectionsGenericList1anonymousTypeCosmosHALBlockDevicePortsStoragePortGetEnumerator', ID = '555'
Method 'CosmosHALBlockDevicePortsStoragePortSystemCollectionsGenericList1EnumeratoranonymousTypeCosmosHALBlockDevicePortsStoragePortget_Current', ID = '556'
Method 'SystemBooleanSystemCollectionsGenericList1EnumeratoranonymousTypeCosmosHALBlockDevicePortsStoragePortMoveNext', ID = '563'
Method 'SystemVoidCosmosSystemKeyboardManagercctor', ID = '566'
Method 'SystemVoidSystemCollectionsGenericList1anonymousTypeSystemByteAddWithResizeSystemByte', ID = '569'
Method 'SystemVoidSystemArrayCopySystemArraySystemInt32SystemArraySystemInt32SystemInt32', ID = '571'
Method 'SystemVoidSystemCollectionsGenericDictionary2SystemByteSystemDelegatectorSystemInt32SystemCollectionsGenericIEqualityComparer1anonymousTypeSystemByte', ID = '573'
Method 'SystemVoidSystemCollectionsGenericDictionary2SystemByteSystemInt32ctorSystemInt32SystemCollectionsGenericIEqualityComparer1anonymousTypeSystemByte', ID = '575'
Method 'SystemBooleanSystemCollectionsGenericDictionary2SystemByteSystemDelegateTryInsertSystemByteSystemDelegateSystemCollectionsGenericInsertionBehavior', ID = '576'
Method 'SystemBooleanSystemCollectionsGenericDictionary2SystemByteSystemInt32TryInsertSystemByteSystemInt32SystemCollectionsGenericInsertionBehavior', ID = '577'
Method 'SystemVoidCosmosCore_AsmDelegateImplInvoke', ID = '594'
Method 'SystemVoidSystemCollectionsGenericList1anonymousTypeCosmosHALPITPITTimerctor', ID = '580'
Method 'SystemVoidCosmosHALPITHandleIRQCosmosCoreINTsIRQContext', ID = '581'
Method 'SystemVoidCosmosCore_AsmDelegateImplCtorSystemObjectSystemIntPtr', ID = '384'
Method 'SystemVoidCosmosCoreINTsSetIrqHandlerSystemByteCosmosCoreINTsIRQDelegate', ID = '583'
Method 'SystemVoidCosmosHALPITset_T0CountdownSystemUInt16', ID = '584'
Method 'SystemVoidCosmosSystem_PlugsSystemConsoleImplWriteLineSystemChar', ID = '586'
Method 'SystemVoidSystemNotImplementedExceptionctor', ID = '588'
Method 'SystemInt32SystemCollectionsGenericDictionary2SystemByteSystemInt32FindEntrySystemByte', ID = '589'
Method 'SystemVoidSystemThrowHelperThrowKeyNotFoundException', ID = '591'
Method 'SystemInt32SystemCollectionsGenericDictionary2SystemByteSystemDelegateFindEntrySystemByte', ID = '592'
Method 'SystemTextEncodingSystemTextEncodingget_ASCII', ID = '597'
Method 'SystemInt32CosmosCore_PlugsSystemStringImplget_LengthSystemInt32', ID = '601'
Method 'SystemStringCosmosCore_PlugsSystemStringImplFastAllocateStringSystemInt32', ID = '602'
Method 'SystemVoidSystemStringwstrcpySystemCharpointerSystemCharpointerSystemInt32', ID = '603'
Method 'SystemStringSystemSRget_ArgumentNull_String', ID = '605'
Method 'SystemVoidSystemArgumentNullExceptionctorSystemStringSystemString', ID = '606'
Method 'SystemInt32SystemTextEncodingGetByteCountSystemString', ID = '607'
Method 'SystemInt32SystemTextEncodingGetBytesSystemStringSystemInt32SystemInt32SystemBytearraySystemInt32', ID = '608'
Method 'SystemVoidCosmosSystemConsoleDoLineFeed', ID = '609'
Method 'SystemVoidCosmosSystemConsoleDoCarriageReturn', ID = '610'
Method 'SystemVoidCosmosSystemConsoleDoTab', ID = '611'
Method 'SystemVoidCosmosSystemConsoleWriteSystemByte', ID = '612'
Method 'SystemStringSystemTypeToString', ID = '615'
Method 'SystemVoidCosmosCoreCosmosRuntimeTypectorSystemUInt32', ID = '619'
Method 'SystemInt64SystemBitConverterDoubleToInt64BitsSystemDouble', ID = '621'
Method 'SystemStringSystemCharToString', ID = '623'
Method 'SystemStringSystemStringSubstringSystemInt32SystemInt32', ID = '627'
Method 'SystemStringSystemArgumentOutOfRangeExceptionget_Message', ID = '628'
Method 'SystemStringSystemArgumentExceptionget_Message', ID = '629'
Method 'SystemStringCosmosCore_PlugsSystemExceptionImplget_Message', ID = '630'
Method 'SystemVoidCosmosCore_AsmCPUImplDoDisableInterrupts', ID = '631'
Method 'SystemUInt32CosmosCore_AsmCPUImplGetAmountOfRAM', ID = '632'
Method 'SystemStringCosmosCore_PlugsSystemSRImplInternalGetResourceStringSystemString', ID = '636'
Method 'SystemBooleanCosmosCore_PlugsSystemStringImplEqualsSystemStringSystemStringComparison', ID = '638'
Method 'SystemVoidSystemBitConvertercctor', ID = '643'
Method 'SystemVoidCosmosCoreINTsPutErrorCharSystemInt32SystemInt32SystemChar', ID = '646'
Method 'SystemVoidCosmosCoreINTsPutErrorStringSystemInt32SystemInt32SystemString', ID = '647'
Method 'SystemVoidCosmosCoreIOPortBasectorSystemUInt16', ID = '649'
Method 'SystemVoidCosmosCoreMemoryBlock08ctorSystemUInt32SystemUInt32', ID = '655'
Method 'SystemVoidCosmosCoreMemoryBlock16ctorSystemUInt32SystemUInt32', ID = '656'
Method 'SystemVoidCosmosCoreMemoryBlock32ctorSystemUInt32SystemUInt32', ID = '657'
Method 'SystemVoidCosmosCoreBaseIOGroupsctor', ID = '664'
Method 'SystemVoidCosmosSystemConsoleUpdateCursor', ID = '666'
Method 'SystemVoidSystemCollectionsGenericList1anonymousTypeCosmosHALPCIDevicecctor', ID = '667'
Method 'SystemVoidCosmosHALPCIDevicecctor', ID = '673'
Method 'SystemUInt16CosmosHALPCIDeviceReadRegister16SystemByte', ID = '676'
Method 'SystemByteCosmosHALPCIDeviceReadRegister8SystemByte', ID = '677'
Method 'SystemVoidCosmosHALPCIDeviceset_InterruptLineSystemByte', ID = '678'
Method 'SystemUInt32CosmosHALPCIDeviceReadRegister32SystemByte', ID = '680'
Method 'SystemVoidCosmosHALPCIBaseAddressBarctorSystemUInt32', ID = '681'
Method 'SystemVoidSystemCollectionsGenericList1anonymousTypeCosmosHALPCIDeviceAddCosmosHALPCIDevice', ID = '682'
Method 'SystemBooleanCosmosCoreACPICheck_RSDSystemUInt32', ID = '684'
Method 'SystemVoidSystemThrowHelperThrowInvalidOperationExceptionSystemExceptionResource', ID = '688'
Method 'SystemStringCosmosSystem_PlugsSystemByteImplToString', ID = '690'
Method 'SystemStringCosmosCommonExtensionsToHexStringConvertToHexSystemUInt32SystemInt32', ID = '692'
Method 'SystemVoidSystemArgumentNullExceptionctorSystemString', ID = '694'
Method 'SystemObjectSystemArrayClone', ID = '696'
Method 'SystemBooleanCosmosHALPS2ControllerWaitForAck', ID = '698'
Method 'SystemVoidCosmosHALMouseBasector', ID = '701'
Method 'SystemVoidCosmosHALPS2MouseInitialize', ID = '703'
Method 'SystemVoidCosmosHALKeyboardBasector', ID = '705'
Method 'SystemVoidCosmosHALPS2KeyboardInitialize', ID = '707'
Method 'CosmosHALPCIDeviceCosmosHALPCIGetDeviceClassCosmosHALClassIDCosmosHALSubclassID', ID = '708'
Method 'SystemVoidCosmosCoreBaseIOGroupscctor', ID = '709'
Method 'SystemVoidCosmosHALBlockDeviceAtactor', ID = '712'
Method 'CosmosHALBlockDeviceAtaPioSpecLevelCosmosHALBlockDeviceAtaPioDiscoverDrive', ID = '713'
Method 'SystemVoidCosmosHALBlockDeviceAtaPioInitDrive', ID = '714'
Method 'SystemVoidCosmosHALBlockDeviceBlockDevicecctor', ID = '716'
Method 'SystemVoidSystemCollectionsGenericList1anonymousTypeCosmosHALBlockDeviceBlockDeviceAddWithResizeCosmosHALBlockDeviceBlockDevice', ID = '718'
Method 'SystemVoidCosmosHALBlockDeviceAtacctor', ID = '719'
Method 'SystemStringCosmosHALBlockDeviceAtaToString', ID = '720'
Method 'SystemVoidCosmosHALBlockDeviceAtaPioReadBlockSystemUInt64SystemUInt64SystemBytearray', ID = '723'
Method 'SystemVoidSystemCollectionsGenericList1anonymousTypeCosmosHALBlockDeviceMBRPartInfoctor', ID = '724'
Method 'SystemVoidCosmosHALBlockDeviceMBRParsePartitionSystemBytearraySystemUInt32', ID = '725'
Method 'SystemVoidSystemCollectionsGenericList1anonymousTypeCosmosHALBlockDeviceEBRPartInfoctor', ID = '726'
Method 'SystemVoidCosmosHALBlockDeviceEBRParsePartitionSystemBytearraySystemUInt32', ID = '727'
Method 'SystemVoidSystemThrowHelperThrowArgumentOutOfRange_IndexException', ID = '731'
Method 'SystemVoidCosmosHALBlockDeviceBlockDevicector', ID = '733'
Method 'SystemUInt64CosmosHALBlockDeviceBlockDeviceget_BlockSize', ID = '734'
Method 'CosmosHALPCIDeviceCosmosHALPCIGetDeviceClassCosmosHALClassIDCosmosHALSubclassIDCosmosHALProgramIF', ID = '735'
Method 'SystemVoidSystemCollectionsGenericList1anonymousTypeCosmosHALBlockDevicePortsStoragePortctor', ID = '736'
Method 'SystemVoidCosmosHALPCIDeviceWriteRegister16SystemByteSystemUInt16', ID = '737'
Method 'SystemUInt32CosmosCoreMemoryBlockget_ItemSystemUInt32', ID = '739'
Method 'SystemVoidCosmosCoreMemoryBlockset_ItemSystemUInt32SystemUInt32', ID = '740'
Method 'SystemUInt32CosmosHALBlockDeviceRegistersGenericRegistersget_Capabilities', ID = '741'
Method 'SystemVoidSystemThrowHelperThrowArgumentOutOfRangeExceptionSystemExceptionArgumentSystemExceptionResource', ID = '762'
Method 'SystemUInt32CosmosHALBlockDeviceRegistersGenericRegistersget_ImplementedPorts', ID = '765'
Method 'SystemVoidCosmosHALBlockDeviceRegistersPortRegistersctorSystemUInt32SystemUInt32', ID = '766'
Method 'CosmosHALBlockDeviceRegistersPortTypeCosmosHALBlockDeviceAHCICheckPortTypeCosmosHALBlockDeviceRegistersPortRegisters', ID = '767'
Method 'SystemStringSystemStringPadLeftSystemInt32SystemChar', ID = '769'
Method 'SystemVoidCosmosHALBlockDeviceAHCIPortRebaseCosmosHALBlockDeviceRegistersPortRegistersSystemUInt32', ID = '770'
Method 'SystemVoidCosmosHALBlockDevicePortsSATActorCosmosHALBlockDeviceRegistersPortRegisters', ID = '771'
Method 'SystemVoidSystemCollectionsGenericList1anonymousTypeCosmosHALBlockDevicePortsStoragePortAddCosmosHALBlockDevicePortsStoragePort', ID = '772'
Method 'SystemVoidSystemCollectionsGenericList1EnumeratoranonymousTypeCosmosHALBlockDevicePortsStoragePortctorSystemCollectionsGenericList1anonymousTypeCosmosHALBlockDevicePortsStoragePort', ID = '773'
Method 'SystemStringCosmosCore_PlugsSystemStringImplFormatSystemStringSystemObjectSystemObject', ID = '775'
Method 'SystemStringCosmosCore_PlugsSystemStringImplFormatSystemStringSystemObject', ID = '776'
Method 'SystemBooleanSystemCollectionsGenericList1EnumeratoranonymousTypeCosmosHALBlockDevicePortsStoragePortMoveNextRare', ID = '777'
Method 'SystemVoidSystemCollectionsGenericList1EnumeratoranonymousTypeCosmosHALBlockDevicePortsStoragePortDispose', ID = '781'
Method 'SystemVoidSystemCollectionsGenericList1anonymousTypeCosmosHALKeyboardBasector', ID = '782'
Method 'SystemVoidCosmosSystemScanMapsUS_Standardctor', ID = '784'
Method 'SystemVoidSystemCollectionsGenericQueue1anonymousTypeCosmosSystemKeyEventctor', ID = '786'
Method 'SystemCollectionsGenericIEnumerable1anonymousTypeCosmosHALKeyboardBaseCosmosHALGlobalGetKeyboardDevices', ID = '788'
Method 'SystemVoidCosmosSystemKeyboardManagerAddKeyboardCosmosHALKeyboardBase', ID = '791'
Method 'SystemVoidSystemCollectionsGenericList1anonymousTypeSystemBytecctor', ID = '793'
Method 'SystemVoidSystemCollectionsGenericList1anonymousTypeSystemByteEnsureCapacitySystemInt32', ID = '799'
Method 'SystemVoidSystemThrowHelperThrowArgumentOutOfRangeExceptionSystemExceptionArgument', ID = '809'
Method 'SystemVoidSystemCollectionsGenericDictionary2SystemByteSystemDelegateInitializeSystemInt32', ID = '810'
Method 'SystemCollectionsGenericEqualityComparer1anonymousTypeSystemByteSystemCollectionsGenericEqualityComparer1anonymousTypeSystemByteget_Default', ID = '811'
Method 'SystemCollectionsGenericEqualityComparer1anonymousTypeSystemStringSystemCollectionsGenericEqualityComparer1anonymousTypeSystemStringget_Default', ID = '814'
Method 'SystemCollectionsGenericIEqualityComparer1anonymousTypeSystemStringSystemCollectionsGenericNonRandomizedStringEqualityComparerget_Default', ID = '815'
Method 'SystemVoidSystemCollectionsGenericDictionary2SystemByteSystemInt32InitializeSystemInt32', ID = '821'
Method 'SystemVoidSystemThrowHelperThrowArgumentNullExceptionSystemExceptionArgument', ID = '823'
Method 'SystemVoidSystemThrowHelperThrowAddingDuplicateWithKeyArgumentExceptionSystemObject', ID = '826'
Method 'SystemVoidSystemCollectionsGenericDictionary2SystemByteSystemDelegateResize', ID = '827'
Method 'SystemVoidSystemCollectionsGenericDictionary2SystemByteSystemDelegateResizeSystemInt32SystemBoolean', ID = '828'
Method 'SystemVoidSystemCollectionsGenericDictionary2SystemByteSystemInt32Resize', ID = '829'
Method 'SystemVoidSystemCollectionsGenericDictionary2SystemByteSystemInt32ResizeSystemInt32SystemBoolean', ID = '830'
Method 'SystemUInt32CosmosHALPITget_T0DelyNS', ID = '833'
Method 'SystemInt32SystemCollectionsGenericList1anonymousTypeCosmosHALPITPITTimerget_Count', ID = '834'
Method 'CosmosHALPITPITTimerSystemCollectionsGenericList1anonymousTypeCosmosHALPITPITTimerget_ItemSystemInt32', ID = '835'
Method 'SystemVoidSystemCollectionsGenericList1anonymousTypeCosmosHALPITPITTimerRemoveAtSystemInt32', ID = '837'
Method 'SystemVoidCosmosCore_AsmDelegateImplInvoke', ID = '594'
Method 'SystemVoidCosmosCoreINTsSetIntHandlerSystemByteCosmosCoreINTsIRQDelegate', ID = '839'
Method 'SystemVoidSystemCharcctor', ID = '841'
Method 'SystemStringSystemSRget_Arg_NotImplementedException', ID = '844'
Method 'SystemVoidSystemCollectionsGenericKeyNotFoundExceptionctor', ID = '846'
Method 'SystemVoidCosmosCore_PlugsSystemEnvironmentImplCCtor', ID = '849'
Method 'SystemVoidSystemBufferMemcpySystemBytepointerSystemBytepointerSystemInt32', ID = '852'
Method 'SystemVoidSystemTextEncodingcctor', ID = '853'
Method 'SystemInt32SystemTextASCIIEncodingGetByteCountSystemString', ID = '855'
Method 'SystemInt32SystemTextASCIIEncodingGetBytesSystemStringSystemInt32SystemInt32SystemBytearraySystemInt32', ID = '857'
Method 'SystemVoidCosmosCore_PlugsSystemTypeImplCCtor', ID = '861'
Method 'SystemVoidCosmosCoreCosmosRuntimeTypector', ID = '864'
Method 'SystemVoidCosmosCommonStringHelpercctor', ID = '865'
Method 'SystemStringCosmosSystem_PlugsSystemUInt64ImplToString', ID = '866'
Method 'SystemStringSystemCharToStringSystemChar', ID = '867'
Method 'SystemCharCosmosCore_PlugsSystemStringImplget_CharsSystemInt32SystemCharpointer', ID = '868'
Method 'SystemChararrayCosmosCore_PlugsSystemStringImplToCharArray', ID = '870'
Method 'SystemVoidCosmosCore_PlugsSystemStringImplCtorSystemChararraySystemStringSystemInt32SystemCharpointer', ID = '871'
Method 'SystemStringSystemSRget_ArgumentOutOfRange_StartIndex', ID = '872'
Method 'SystemVoidSystemArgumentOutOfRangeExceptionctorSystemStringSystemString', ID = '873'
Method 'SystemStringSystemSRget_ArgumentOutOfRange_StartIndexLargerThanLength', ID = '874'
Method 'SystemStringSystemSRget_ArgumentOutOfRange_NegativeLength', ID = '875'
Method 'SystemStringSystemSRget_ArgumentOutOfRange_IndexLength', ID = '876'
Method 'SystemStringSystemStringInternalSubStringSystemInt32SystemInt32', ID = '877'
Method 'SystemStringSystemSRget_ArgumentOutOfRange_ActualValue', ID = '878'
Method 'SystemStringSystemSRFormatSystemStringSystemObject', ID = '879'
Method 'SystemStringSystemSRget_Arg_ParamName_Name', ID = '880'
Method 'SystemBooleanSystemStringop_EqualitySystemStringSystemString', ID = '882'
Method 'SystemStringSystemStringToLower', ID = '883'
Method 'SystemBooleanCosmosCore_PlugsSystemStringImplEqualsHelperSystemStringSystemString', ID = '884'
Method 'SystemStringCosmosSystem_PlugsSystemInt64ImplToString', ID = '885'
Method 'SystemByteCosmosCore_AsmIOPortImplRead8SystemUInt16', ID = '887'
Method 'SystemVoidCosmosCore_AsmIOPortImplWrite8SystemUInt16SystemByte', ID = '888'
Method 'SystemStringCosmosSystem_PlugsSystemEnumImplToString', ID = '892'
Method 'SystemStringCosmosSystem_PlugsSystemUInt16ImplToString', ID = '893'
Method 'SystemVoidCosmosCoreIOGroupPS2Controllerctor', ID = '894'
Method 'SystemVoidCosmosCoreIOGroupPITctor', ID = '895'
Method 'SystemVoidCosmosCoreIOGroupATActorSystemBoolean', ID = '896'
Method 'SystemVoidCosmosCoreIOGroupRTCctor', ID = '897'
Method 'SystemVoidCosmosCoreIOGroupVBEctor', ID = '898'
Method 'SystemVoidCosmosHALTextScreenClear', ID = '899'
Method 'SystemVoidCosmosCoreIOGroupPCIctor', ID = '901'
Method 'SystemVoidCosmosCore_AsmIOPortImplWrite32SystemUInt16SystemUInt32', ID = '902'
Method 'SystemUInt32CosmosCore_AsmIOPortImplRead32SystemUInt16', ID = '903'
Method 'SystemVoidSystemCollectionsGenericList1anonymousTypeCosmosHALPCIDeviceAddWithResizeCosmosHALPCIDevice', ID = '904'
Method 'SystemInvalidOperationExceptionSystemThrowHelperGetInvalidOperationExceptionSystemExceptionResource', ID = '906'
Method 'SystemStringCosmosCommonExtensionsToHexStringConvertToHexSystemUInt32', ID = '908'
Method 'SystemStringSystemSRget_ArgumentNull_Generic', ID = '914'
Method 'SystemVoidCosmosCore_PlugsSystemOutOfMemoryExceptionImplCtor', ID = '916'
Method 'SystemVoidCosmosHALPS2Mousecctor', ID = '918'
Method 'SystemVoidCosmosHALPS2MouseSendCommandCosmosHALPS2MouseCommandSystemNullable1anonymousTypeSystemByte', ID = '919'
Method 'SystemBooleanCosmosHALPS2ControllerWaitForDeviceReset', ID = '920'
Method 'SystemByteCosmosHALPS2MouseTryToEnableScrollWheel', ID = '921'
Method 'SystemByteCosmosHALPS2MouseTryToEnableAdditionalButtons', ID = '922'
Method 'SystemVoidCosmosHALPS2MouseHandleMouseCosmosCoreINTsIRQContext', ID = '923'
Method 'SystemVoidCosmosHALPS2KeyboardSendCommandCosmosHALPS2KeyboardCommandSystemNullable1anonymousTypeSystemByte', ID = '924'
Method 'SystemVoidCosmosHALPS2KeyboardHandleIRQCosmosCoreINTsIRQContext', ID = '925'
Method 'CosmosHALPCIDeviceSystemCollectionsGenericList1anonymousTypeCosmosHALPCIDeviceget_ItemSystemInt32', ID = '929'
Method 'SystemInt32SystemCollectionsGenericList1anonymousTypeCosmosHALPCIDeviceget_Count', ID = '930'
Method 'SystemVoidCosmosCoreIOGroupPCSpeakerctor', ID = '931'
Method 'SystemVoidCosmosHALBlockDeviceAtaPiocctor', ID = '933'
Method 'SystemStringCosmosHALBlockDeviceAtaPioToString', ID = '934'
Method 'SystemVoidCosmosHALBlockDeviceAtaPioSelectDriveSystemByte', ID = '935'
Method 'CosmosHALBlockDeviceAtaPioStatusCosmosHALBlockDeviceAtaPioSendCmdCosmosHALBlockDeviceAtaPioCmdSystemBoolean', ID = '936'
Method 'CosmosHALBlockDeviceAtaPioStatusCosmosHALBlockDeviceAtaPioSendCmdCosmosHALBlockDeviceAtaPioCmd', ID = '937'
Method 'SystemVoidCosmosCoreIOPortBaseRead16SystemUInt16array', ID = '938'
Method 'SystemStringCosmosHALBlockDeviceAtaPioGetStringSystemUInt16arraySystemInt32SystemInt32', ID = '939'
Method 'SystemVoidSystemCollectionsGenericList1anonymousTypeCosmosHALBlockDeviceBlockDevicector', ID = '940'
Method 'SystemVoidSystemCollectionsGenericList1anonymousTypeCosmosHALBlockDeviceBlockDevicecctor', ID = '941'
Method 'SystemVoidSystemCollectionsGenericList1anonymousTypeCosmosHALBlockDeviceBlockDeviceEnsureCapacitySystemInt32', ID = '947'
Method 'SystemVoidCosmosHALBlockDeviceBlockDeviceCheckDataSizeSystemBytearraySystemUInt64', ID = '950'
Method 'SystemVoidCosmosHALBlockDeviceAtaPioSelectSectorSystemUInt64SystemUInt64', ID = '951'
Method 'SystemVoidCosmosCoreIOPortBaseRead8SystemBytearray', ID = '952'
Method 'SystemUInt32SystemBitConverterToUInt32SystemBytearraySystemInt32', ID = '954'
Method 'SystemVoidCosmosHALBlockDeviceMBRPartInfoctorSystemByteSystemUInt32SystemUInt32', ID = '955'
Method 'SystemVoidSystemCollectionsGenericList1anonymousTypeCosmosHALBlockDeviceMBRPartInfoAddCosmosHALBlockDeviceMBRPartInfo', ID = '956'
Method 'SystemVoidCosmosHALBlockDeviceEBRPartInfoctorSystemByteSystemUInt32SystemUInt32', ID = '958'
Method 'SystemVoidSystemCollectionsGenericList1anonymousTypeCosmosHALBlockDeviceEBRPartInfoAddCosmosHALBlockDeviceEBRPartInfo', ID = '959'
Method 'SystemVoidSystemCollectionsGenericList1anonymousTypeCosmosHALBlockDeviceEBRPartInfocctor', ID = '960'
Method 'SystemVoidSystemCollectionsGenericList1anonymousTypeCosmosHALBlockDeviceMBRPartInfocctor', ID = '966'
Method 'SystemVoidCosmosDebugKernelPlugsAsmDebuggerAsmDoSendNumberSystemInt32', ID = '972'
Method 'SystemArgumentOutOfRangeExceptionSystemThrowHelperGetArgumentOutOfRangeExceptionSystemExceptionArgumentSystemExceptionResource', ID = '973'
Method 'SystemStringCosmosHALBlockDevicePartitionToString', ID = '974'
Method 'SystemVoidCosmosHALBlockDevicePartitionReadBlockSystemUInt64SystemUInt64SystemBytearray', ID = '975'
Method 'SystemVoidCosmosCoreIOPortset_WordSystemUInt16', ID = '977'
Method 'SystemVoidSystemCollectionsGenericList1anonymousTypeCosmosHALBlockDevicePortsStoragePortcctor', ID = '978'
Method 'SystemUInt32CosmosHALBlockDeviceRegistersPortRegistersget_SSTS', ID = '985'
Method 'SystemUInt32CosmosHALBlockDeviceRegistersPortRegistersget_SIG', ID = '986'
Method 'SystemStringSystemSRget_ArgumentOutOfRange_NeedNonNegNum', ID = '987'
Method 'SystemBooleanCosmosHALBlockDeviceAHCIStopCMDCosmosHALBlockDeviceRegistersPortRegisters', ID = '988'
Method 'SystemVoidCosmosHALBlockDevicePortsSATAPortResetCosmosHALBlockDeviceRegistersPortRegisters', ID = '989'
Method 'SystemVoidCosmosHALBlockDeviceRegistersPortRegistersset_CLBSystemUInt32', ID = '990'
Method 'SystemVoidCosmosHALBlockDeviceRegistersPortRegistersset_FBSystemUInt32', ID = '991'
Method 'SystemVoidCosmosHALBlockDeviceRegistersPortRegistersset_SERRSystemUInt32', ID = '992'
Method 'SystemVoidCosmosHALBlockDeviceRegistersPortRegistersset_ISSystemUInt32', ID = '993'
Method 'SystemVoidCosmosHALBlockDeviceRegistersPortRegistersset_IESystemUInt32', ID = '994'
Method 'SystemUInt32CosmosHALBlockDeviceRegistersPortRegistersget_CLB', ID = '995'
Method 'SystemVoidCosmosCoreMemoryBlockFillSystemByte', ID = '996'
Method 'SystemUInt32CosmosHALBlockDeviceRegistersPortRegistersget_FB', ID = '997'
Method 'CosmosHALBlockDeviceRegistersHBACommandHeaderarrayCosmosHALBlockDeviceAHCIGetCommandHeaderCosmosHALBlockDeviceRegistersPortRegisters', ID = '998'
Method 'SystemBooleanCosmosHALBlockDeviceAHCIStartCMDCosmosHALBlockDeviceRegistersPortRegisters', ID = '999'
Method 'SystemVoidCosmosHALBlockDevicePortsStoragePortctor', ID = '1001'
Method 'SystemUInt32CosmosHALBlockDeviceRegistersPortRegistersget_CMD', ID = '1002'
Method 'SystemVoidCosmosCoreMemoryGroupAHCIctorSystemUInt32', ID = '1003'
Method 'SystemVoidCosmosHALBlockDevicePortsSATASendSATA28CommandCosmosHALBlockDeviceRegistersATACommandsSystemUInt32SystemUInt32', ID = '1004'
Method 'SystemVoidCosmosCoreMemoryBlockRead16SystemUInt16array', ID = '1006'
Method 'SystemStringCosmosHALBlockDevicePortsSATAGetStringSystemUInt16arraySystemInt32SystemInt32', ID = '1007'
Method 'SystemVoidSystemCollectionsGenericList1anonymousTypeCosmosHALBlockDevicePortsStoragePortAddWithResizeCosmosHALBlockDevicePortsStoragePort', ID = '1008'
Method 'SystemStringCosmosCore_PlugsSystemStringImplFormatHelperSystemIFormatProviderSystemStringSystemObjectarray', ID = '1009'
Method 'SystemVoidSystemThrowHelperThrowInvalidOperationException_InvalidOperation_EnumFailedVersion', ID = '1010'
Method 'SystemVoidCosmosSystemScanMapBasector', ID = '1014'
Method 'CosmosSystemKeyEventarraySystemArrayEmptyCosmosSystemKeyEvent', ID = '1016'
Method 'SystemVoidSystemCollectionsGenericList1anonymousTypeCosmosHALKeyboardBaseAddCosmosHALKeyboardBase', ID = '1018'
Method 'SystemCollectionsGenericIEnumerator1anonymousTypeCosmosHALKeyboardBaseSystemCollectionsGenericList1anonymousTypeCosmosHALKeyboardBaseSystemCollectionsGenericIEnumerableTGetEnumerator', ID = '1020'
Method 'SystemVoidCosmosSystemKeyboardManagerHandleScanCodeSystemByteSystemBoolean', ID = '1021'
Method 'SystemVoidCosmosCore_AsmDelegateImplCtorSystemObjectSystemIntPtr', ID = '384'
Method 'SystemVoidSystemCollectionsGenericList1anonymousTypeSystemByteset_CapacitySystemInt32', ID = '1023'
Method 'SystemVoidCosmosCore_AsmArrayImplCopySystemArraySystemInt32SystemArraySystemInt32SystemInt32SystemBoolean', ID = '1024'
Method 'SystemStringSystemThrowHelperGetArgumentNameSystemExceptionArgument', ID = '1025'
Method 'SystemInt32SystemCollectionsHashHelpersGetPrimeSystemInt32', ID = '1026'
Method 'SystemVoidSystemCollectionsHashHelperscctor', ID = '1029'
Method 'SystemVoidSystemCollectionsGenericNonRandomizedStringEqualityComparerctor', ID = '1035'
Method 'SystemArgumentNullExceptionSystemThrowHelperGetArgumentNullExceptionSystemExceptionArgument', ID = '1036'
Method 'SystemArgumentExceptionSystemThrowHelperGetAddingDuplicateWithKeyArgumentExceptionSystemObject', ID = '1039'
Method 'SystemInt32SystemCollectionsHashHelpersExpandPrimeSystemInt32', ID = '1040'
Method 'SystemVoidSystemCollectionsGenericList1anonymousTypeCosmosHALPITPITTimercctor', ID = '1041'
Method 'SystemVoidCosmosHALPITPITTimerDispose', ID = '1047'
Method 'SystemVoidCosmosCore_AsmRuntimeHelpersImplInitializeArraySystemArraySystemRuntimeFieldHandle', ID = '1052'
Method 'SystemStringSystemSRget_Arg_KeyNotFound', ID = '1055'
Method 'SystemVoidSystemTextASCIIEncodingcctor', ID = '1056'
Method 'SystemVoidCosmosCore_PlugsSystemStringImplcctor', ID = '1058'
Method 'SystemVoidSystemBufferMemmoveSystemBytepointerSystemBytepointerSystemUInt32', ID = '1060'
Method 'SystemVoidSystemTextUTF8EncodingUTF8EncodingSealedctorSystemBoolean', ID = '1061'
Method 'SystemInt32SystemTextEncodingGetByteCountSystemCharpointerSystemInt32SystemTextEncoderNLS', ID = '1064'
Method 'SystemInt32SystemTextASCIIEncodingGetByteCountSystemChararraySystemInt32SystemInt32', ID = '1065'
Method 'SystemStringSystemSRget_ArgumentNull_Array', ID = '1066'
Method 'SystemStringSystemSRget_ArgumentOutOfRange_IndexCount', ID = '1067'
Method 'SystemStringSystemSRget_ArgumentOutOfRange_Index', ID = '1068'
Method 'SystemInt32SystemTextEncodingGetBytesSystemCharpointerSystemInt32SystemBytepointerSystemInt32SystemTextEncoderNLS', ID = '1069'
Method 'SystemInt32SystemTextASCIIEncodingGetBytesSystemChararraySystemInt32SystemInt32SystemBytearraySystemInt32', ID = '1070'
Method 'SystemVoidCosmosHALTextScreenScrollUp', ID = '1071'
Method 'SystemVoidCosmosHALTextScreenset_ItemSystemInt32SystemInt32SystemByte', ID = '1072'
Method 'SystemStringCosmosCoreCosmosRuntimeTypeget_Name', ID = '1074'
Method 'SystemVoidSystemTypector', ID = '1075'
Method 'SystemStringCosmosCommonStringHelperGetNumberStringSystemUInt64', ID = '1081'
Method 'SystemStringSystemStringCreateFromCharSystemChar', ID = '1082'
Method 'SystemBooleanSystemSRUsingResourceKeys', ID = '1088'
Method 'SystemStringSystemStringJoinSystemStringSystemObjectarray', ID = '1089'
Method 'SystemBooleanSystemStringEqualsSystemStringSystemString', ID = '1090'
Method 'SystemStringCosmosCommonStringHelperGetNumberStringSystemInt64', ID = '1096'
Method 'SystemVoidCosmosCoreIOPortReadctorSystemUInt16', ID = '1101'
Method 'SystemVoidCosmosCoreIOPortWritectorSystemUInt16', ID = '1102'
Method 'SystemUInt16CosmosCoreIOGroupATAGetBAR0SystemBoolean', ID = '1103'
Method 'SystemUInt16CosmosCoreIOGroupATAGetBAR1SystemBoolean', ID = '1104'
Method 'SystemVoidCosmosCoreIOPortWritectorSystemUInt16SystemUInt16', ID = '1105'
Method 'SystemVoidCosmosCoreIOPortctorSystemUInt16SystemUInt16', ID = '1106'
Method 'SystemVoidCosmosCoreIOPortReadctorSystemUInt16SystemUInt16', ID = '1107'
Method 'SystemVoidCosmosCoreMemoryBlockFillSystemUInt16', ID = '1110'
Method 'SystemVoidCosmosHALTextScreenSetCursorPosSystemInt32SystemInt32', ID = '1111'
Method 'SystemVoidSystemCollectionsGenericList1anonymousTypeCosmosHALPCIDeviceEnsureCapacitySystemInt32', ID = '1112'
Method 'SystemStringSystemThrowHelperGetResourceStringSystemExceptionResource', ID = '1113'
Method 'SystemCharCosmosCommonExtensionsToHexStringDigitToHexCharSystemByte', ID = '1114'
Method 'SystemUInt64CosmosCore_PlugsSystemObjectImplMemberwiseClone', ID = '1116'
Method 'SystemByteCosmosHALPS2Mouseget_PS2Port', ID = '1119'
Method 'SystemVoidCosmosHALPS2ControllerPrepareSecondPortWrite', ID = '1120'
Method 'SystemByteCosmosHALPS2ControllerReadByteAfterAck', ID = '1121'
Method 'SystemBooleanCosmosHALPS2Mouseget_HasScrollWheel', ID = '1122'
Method 'SystemVoidCosmosCore_AsmDelegateImplInvoke', ID = '594'
Method 'SystemByteCosmosHALPS2Keyboardget_PS2Port', ID = '1125'
Method 'SystemVoidCosmosCore_AsmDelegateImplInvoke', ID = '594'
Method 'SystemVoidCosmosHALPS2KeyboardUpdateLeds', ID = '1127'
Method 'SystemVoidCosmosHALBlockDeviceAtaPioWait', ID = '1130'
Method 'SystemVoidCosmosHALBlockDeviceAtaPioDebugSystemString', ID = '1133'
Method 'SystemVoidCosmosHALBlockDeviceAtaPioDebugHexSystemStringSystemUInt32', ID = '1134'
Method 'SystemVoidSystemCollectionsGenericList1anonymousTypeCosmosHALBlockDeviceBlockDeviceset_CapacitySystemInt32', ID = '1138'
Method 'SystemVoidCosmosHALBlockDeviceBlockDeviceCheckBlockNoSystemUInt64SystemUInt64', ID = '1139'
Method 'SystemVoidCosmosCoreIOPortWriteset_WordSystemUInt16', ID = '1140'
Method 'SystemInt32SystemBitConverterReadInt32SystemBytearraySystemInt32', ID = '1141'
Method 'SystemVoidSystemCollectionsGenericList1anonymousTypeCosmosHALBlockDeviceMBRPartInfoAddWithResizeCosmosHALBlockDeviceMBRPartInfo', ID = '1142'
Method 'SystemVoidSystemCollectionsGenericList1anonymousTypeCosmosHALBlockDeviceEBRPartInfoAddWithResizeCosmosHALBlockDeviceEBRPartInfo', ID = '1144'
Method 'SystemVoidCosmosHALBlockDeviceRegistersPortRegistersset_CMDSystemUInt32', ID = '1146'
Method 'SystemVoidCosmosHALBlockDeviceAHCIWaitSystemInt32', ID = '1147'
Method 'SystemUInt32CosmosHALBlockDeviceRegistersPortRegistersget_CI', ID = '1148'
Method 'SystemUInt32CosmosHALBlockDeviceRegistersPortRegistersget_TFD', ID = '1149'
Method 'SystemVoidCosmosHALBlockDeviceAHCIHBAReset', ID = '1150'
Method 'SystemVoidCosmosHALBlockDeviceRegistersPortRegistersset_SCTLSystemUInt32', ID = '1151'
Method 'SystemUInt32CosmosHALBlockDeviceRegistersPortRegistersget_SCTL', ID = '1152'
Method 'SystemVoidCosmosCoreMemoryBlockFillSystemUInt32SystemUInt32SystemByte', ID = '1153'
Method 'SystemVoidCosmosHALBlockDeviceRegistersHBACommandHeaderctorSystemUInt32SystemUInt32', ID = '1156'
Method 'SystemVoidCosmosHALBlockDeviceRegistersHBACommandHeaderset_PRDTLSystemUInt16', ID = '1157'
Method 'SystemVoidCosmosHALBlockDeviceRegistersHBACommandHeaderset_CTBASystemUInt32', ID = '1158'
Method 'SystemVoidCosmosHALBlockDeviceRegistersHBACommandHeaderset_CTBAUSystemUInt32', ID = '1159'
Method 'SystemUInt32CosmosHALBlockDeviceRegistersHBACommandHeaderget_CTBA', ID = '1160'
Method 'SystemVoidCosmosHALBlockDevicePortsSATAcctor', ID = '1161'
Method 'SystemVoidCosmosHALBlockDevicePortsSATAReadBlockSystemUInt64SystemUInt64SystemBytearray', ID = '1162'
Method 'CosmosHALBlockDeviceRegistersPortTypeCosmosHALBlockDevicePortsSATAget_mPortType', ID = '1163'
Method 'SystemStringCosmosHALBlockDevicePortsSATAget_mPortName', ID = '1164'
Method 'SystemUInt32CosmosHALBlockDevicePortsSATAget_mPortNumber', ID = '1165'
Method 'SystemInt32CosmosHALBlockDevicePortsSATAFindCMDSlot', ID = '1167'
Method 'SystemVoidCosmosHALBlockDeviceRegistersHBACommandHeaderset_CFLSystemByte', ID = '1168'
Method 'SystemVoidCosmosHALBlockDeviceRegistersHBACommandHeaderset_WriteSystemByte', ID = '1169'
Method 'SystemUInt16CosmosHALBlockDeviceRegistersHBACommandHeaderget_PRDTL', ID = '1170'
Method 'SystemVoidCosmosHALBlockDeviceRegistersHBACommandTablectorSystemUInt32SystemUInt32', ID = '1171'
Method 'SystemVoidCosmosHALBlockDeviceRegistersHBAPRDTEntryset_DBASystemUInt32', ID = '1173'
Method 'SystemVoidCosmosHALBlockDeviceRegistersHBAPRDTEntryset_DBCSystemUInt32', ID = '1174'
Method 'SystemVoidCosmosHALBlockDeviceRegistersHBAPRDTEntryset_InterruptOnCompletionSystemByte', ID = '1175'
Method 'SystemUInt32CosmosHALBlockDeviceRegistersHBACommandTableget_CFIS', ID = '1176'
Method 'SystemVoidCosmosHALBlockDeviceRegistersFISRegisterH2DctorSystemUInt32', ID = '1177'
Method 'SystemVoidCosmosHALBlockDeviceRegistersFISRegisterH2Dset_FISTypeSystemByte', ID = '1178'
Method 'SystemVoidCosmosHALBlockDeviceRegistersFISRegisterH2Dset_IsCommandSystemByte', ID = '1179'
Method 'SystemVoidCosmosHALBlockDeviceRegistersFISRegisterH2Dset_CommandSystemByte', ID = '1180'
Method 'SystemVoidCosmosHALBlockDeviceRegistersFISRegisterH2Dset_DeviceSystemByte', ID = '1181'
Method 'SystemVoidCosmosHALBlockDeviceRegistersFISRegisterH2Dset_LBA0SystemByte', ID = '1182'
Method 'SystemVoidCosmosHALBlockDeviceRegistersFISRegisterH2Dset_LBA1SystemByte', ID = '1183'
Method 'SystemVoidCosmosHALBlockDeviceRegistersFISRegisterH2Dset_LBA2SystemByte', ID = '1184'
Method 'SystemVoidCosmosHALBlockDeviceRegistersFISRegisterH2Dset_CountLSystemByte', ID = '1185'
Method 'SystemVoidCosmosHALBlockDeviceRegistersPortRegistersset_CISystemUInt32', ID = '1187'
Method 'SystemUInt32CosmosHALBlockDeviceRegistersPortRegistersget_IS', ID = '1188'
Method 'SystemVoidSystemCollectionsGenericList1anonymousTypeCosmosHALBlockDevicePortsStoragePortEnsureCapacitySystemInt32', ID = '1189'
Method 'SystemVoidSystemFormatExceptionctorSystemString', ID = '1191'
Method 'SystemInt32CosmosCommonStringHelperGetStringToNumberSystemString', ID = '1192'
Method 'SystemBooleanSystemCharIsDigitSystemChar', ID = '1193'
Method 'SystemVoidSystemCollectionsGenericList1anonymousTypeCosmosHALKeyboardBasecctor', ID = '1194'
Method 'SystemVoidSystemCollectionsGenericList1anonymousTypeCosmosHALKeyboardBaseAddWithResizeCosmosHALKeyboardBase', ID = '1206'
Method 'SystemVoidSystemCollectionsGenericList1EnumeratoranonymousTypeCosmosHALKeyboardBasectorSystemCollectionsGenericList1anonymousTypeCosmosHALKeyboardBase', ID = '1207'
Method 'SystemBooleanCosmosSystemScanMapBaseScanCodeMatchesKeySystemByteCosmosSystemConsoleKeyEx', ID = '1209'
Method 'SystemBooleanCosmosSystemKeyboardManagerget_CapsLock', ID = '1210'
Method 'SystemVoidCosmosSystemKeyboardManagerUpdateLeds', ID = '1211'
Method 'SystemBooleanCosmosSystemKeyboardManagerget_NumLock', ID = '1212'
Method 'SystemBooleanCosmosSystemKeyboardManagerget_ScrollLock', ID = '1213'
Method 'SystemVoidCosmosSystemKeyboardManagerset_ControlPressedSystemBoolean', ID = '1214'
Method 'SystemVoidCosmosSystemKeyboardManagerset_ShiftPressedSystemBoolean', ID = '1215'
Method 'SystemVoidCosmosSystemKeyboardManagerset_AltPressedSystemBoolean', ID = '1216'
Method 'SystemBooleanCosmosSystemKeyboardManagerget_ControlPressed', ID = '1217'
Method 'SystemBooleanCosmosSystemKeyboardManagerget_AltPressed', ID = '1218'
Method 'SystemVoidCosmosSystemPowerReboot', ID = '1219'
Method 'SystemBooleanCosmosSystemKeyboardManagerGetKeySystemByteCosmosSystemKeyEvent', ID = '1220'
Method 'SystemVoidCosmosSystemKeyboardManagerEnqueueCosmosSystemKeyEvent', ID = '1221'
Method 'SystemStringSystemSRget_Arg_HTCapacityOverflow', ID = '1224'
Method 'SystemVoidSystemArgumentExceptionctorSystemString', ID = '1225'
Method 'SystemBooleanSystemCollectionsHashHelpersIsPrimeSystemInt32', ID = '1227'
Method 'SystemVoidSystemCollectionsGenericEqualityComparer1anonymousTypeSystemBytecctor', ID = '1228'
Method 'SystemBooleanSystemStringUseRandomizedHashing', ID = '1230'
Method 'SystemVoidSystemCollectionsGenericEqualityComparer1anonymousTypeSystemStringcctor', ID = '1232'
Method 'SystemVoidSystemCollectionsGenericGenericEqualityComparer1anonymousTypeSystemStringctor', ID = '1234'
Method 'SystemStringSystemSRget_Argument_AddingDuplicateWithKey', ID = '1235'
Method 'SystemVoidCosmosHALPITUnregisterTimerSystemInt32', ID = '1236'
Method 'SystemBooleanCosmosCore_PlugsSystemRuntimeCompilerServicesRuntimeHelpersImplIsReferenceOrContainsReferencesanonymousType', ID = '1238'
Method 'SystemVoidSystemTextASCIIEncodingASCIIEncodingSealedctor', ID = '1241'
Method 'SystemVoidSystemBuffer_MemmoveSystemBytepointerSystemBytepointerSystemUInt32', ID = '1245'
Method 'SystemVoidSystemTextUTF8EncodingctorSystemBoolean', ID = '1247'
Method 'SystemInt32CosmosSystem_PlugsSystemRuntimeRuntimeHelpersImplget_OffsetToStringData', ID = '1248'
Method 'SystemInt32SystemTextASCIIEncodingGetByteCountSystemCharpointerSystemInt32SystemTextEncoderNLS', ID = '1250'
Method 'SystemInt32SystemTextUTF8EncodingGetByteCountSystemCharpointerSystemInt32SystemTextEncoderNLS', ID = '1251'
Method 'SystemInt32SystemTextEncodingGetByteCountSystemCharpointerSystemInt32', ID = '1252'
Method 'SystemStringSystemSRget_ArgumentOutOfRange_IndexCountBuffer', ID = '1253'
Method 'SystemInt32SystemTextASCIIEncodingGetBytesSystemCharpointerSystemInt32SystemBytepointerSystemInt32SystemTextEncoderNLS', ID = '1254'
Method 'SystemInt32SystemTextUTF8EncodingGetBytesSystemCharpointerSystemInt32SystemBytepointerSystemInt32SystemTextEncoderNLS', ID = '1255'
Method 'SystemInt32SystemTextEncodingGetBytesSystemCharpointerSystemInt32SystemBytepointerSystemInt32', ID = '1256'
Method 'SystemVoidCosmosCoreMemoryBlockMoveDownSystemUInt32SystemUInt32SystemUInt32', ID = '1257'
Method 'SystemVoidCosmosCoreMemoryBlockFillSystemUInt32SystemUInt32SystemUInt16', ID = '1258'
Method 'SystemVoidCosmosCoreMemoryBlock08set_ItemSystemUInt32SystemByte', ID = '1259'
Method 'SystemVoidCosmosCore_PlugsSystemTypeImplcctor', ID = '1260'
Method 'SystemVoidSystemReflectionMemberInfoctor', ID = '1261'
Method 'SystemVoidSystemGuidcctor', ID = '1262'
Method 'SystemStringSystemGuidToString', ID = '1263'
Method 'SystemStringSystemStringJoinCoreSystemCharpointerSystemInt32SystemObjectarray', ID = '1266'
Method 'SystemGlobalizationCultureInfoCosmosCore_PlugsSystemGlobalizationCultureInfoImplget_CurrentCulture', ID = '1269'
Method 'SystemStringCosmosCore_PlugsSystemStringImplToLowerSystemGlobalizationCultureInfo', ID = '1270'
Method 'SystemInt32CosmosCore_PlugsSystemStringImplCompareToSystemString', ID = '1271'
Method 'SystemVoidCosmosCoreIOPortBasectorSystemUInt16SystemUInt16', ID = '1272'
Method 'SystemVoidSystemCollectionsGenericList1anonymousTypeCosmosHALPCIDeviceset_CapacitySystemInt32', ID = '1273'
Method 'SystemStringSystemSRGetResourceStringSystemString', ID = '1274'
Method 'SystemUInt16CosmosCore_AsmIOPortImplRead16SystemUInt16', ID = '1281'
Method 'SystemVoidSystemThrowHelperThrowArgumentExceptionSystemExceptionResourceSystemExceptionArgument', ID = '1282'
Method 'SystemInt32SystemRuntimeCompilerServicesUnsafeReadUnalignedSystemInt32SystemByte', ID = '1283'
Method 'SystemVoidSystemCollectionsGenericList1anonymousTypeCosmosHALBlockDeviceMBRPartInfoEnsureCapacitySystemInt32', ID = '1284'
Method 'SystemVoidSystemCollectionsGenericList1anonymousTypeCosmosHALBlockDeviceEBRPartInfoEnsureCapacitySystemInt32', ID = '1285'
Method 'SystemVoidCosmosCore_AsmIOPortImplWrite16SystemUInt16SystemUInt16', ID = '1286'
Method 'SystemVoidCosmosCoreMemoryOperationsFillSystemBytepointerSystemByteSystemInt32', ID = '1287'
Method 'SystemVoidCosmosCoreMemoryBlock16set_ItemSystemUInt32SystemUInt16', ID = '1293'
Method 'SystemVoidCosmosHALBlockDevicePortsSATASendSATA48CommandCosmosHALBlockDeviceRegistersATACommandsSystemUInt64SystemUInt32', ID = '1294'
Method 'SystemVoidCosmosCoreMemoryBlockRead8SystemBytearray', ID = '1295'
Method 'SystemUInt32CosmosHALBlockDeviceRegistersPortRegistersget_SACT', ID = '1296'
Method 'SystemByteCosmosCoreMemoryBlock08get_ItemSystemUInt32', ID = '1297'
Method 'SystemUInt16CosmosCoreMemoryBlock16get_ItemSystemUInt32', ID = '1298'
Method 'SystemVoidCosmosHALBlockDeviceRegistersHBAPRDTEntryctorSystemUInt32SystemUInt32', ID = '1300'
Method 'SystemBooleanSystemStringIsNullOrWhiteSpaceSystemString', ID = '1303'
Method 'SystemBooleanSystemCharIsLatin1SystemChar', ID = '1304'
Method 'SystemGlobalizationUnicodeCategorySystemGlobalizationCharUnicodeInfoGetUnicodeCategorySystemChar', ID = '1305'
Method 'SystemVoidCosmosSystemScanMapsUS_StandardInitKeys', ID = '1306'
Method 'SystemVoidSystemArrayEmptyArray1anonymousTypeCosmosSystemKeyEventcctor', ID = '1310'
Method 'SystemVoidSystemCollectionsGenericList1anonymousTypeCosmosHALKeyboardBaseEnsureCapacitySystemInt32', ID = '1311'
Method 'SystemVoidSystemCollectionsGenericList1EnumeratoranonymousTypeCosmosHALKeyboardBaseDispose', ID = '1312'
Method 'CosmosHALKeyboardBaseSystemCollectionsGenericList1EnumeratoranonymousTypeCosmosHALKeyboardBaseget_Current', ID = '1313'
Method 'SystemBooleanSystemCollectionsGenericList1EnumeratoranonymousTypeCosmosHALKeyboardBaseMoveNext', ID = '1314'
Method 'CosmosSystemKeyMappingSystemCollectionsGenericList1anonymousTypeCosmosSystemKeyMappingget_ItemSystemInt32', ID = '1316'
Method 'SystemInt32SystemCollectionsGenericList1anonymousTypeCosmosSystemKeyMappingget_Count', ID = '1318'
Method 'SystemCollectionsGenericList1EnumeratoranonymousTypeCosmosHALKeyboardBaseSystemCollectionsGenericList1anonymousTypeCosmosHALKeyboardBaseGetEnumerator', ID = '1319'
Method 'SystemVoidCosmosHALPowerCPUReboot', ID = '1324'
Method 'SystemBooleanCosmosSystemKeyboardManagerget_ShiftPressed', ID = '1326'
Method 'CosmosSystemKeyEventCosmosSystemScanMapBaseConvertScanCodeSystemByteSystemBooleanSystemBooleanSystemBooleanSystemBooleanSystemBooleanSystemBoolean', ID = '1327'
Method 'SystemVoidSystemCollectionsGenericQueue1anonymousTypeCosmosSystemKeyEventEnqueueCosmosSystemKeyEvent', ID = '1329'
Method 'SystemVoidSystemCollectionsGenericEqualityComparer1anonymousTypeSystemStringctor', ID = '1334'
Method 'SystemVoidSystemTextASCIIEncodingctor', ID = '1338'
Method 'SystemInt32SystemTextUTF8EncodingGetByteCountSystemString', ID = '1341'
Method 'SystemInt32SystemTextUTF8EncodingGetBytesSystemStringSystemInt32SystemInt32SystemBytearraySystemInt32', ID = '1342'
Method 'SystemInt32SystemTextUTF8EncodingGetByteCountSystemChararraySystemInt32SystemInt32', ID = '1343'
Method 'SystemInt32SystemTextUTF8EncodingGetBytesSystemChararraySystemInt32SystemInt32SystemBytearraySystemInt32', ID = '1344'
Method 'SystemVoidSystemTextUTF8EncodingctorSystemBooleanSystemBoolean', ID = '1345'
Method 'SystemTextEncoderFallbackSystemTextEncoderget_Fallback', ID = '1348'
Method 'SystemBooleanSystemTextEncoderget_InternalHasFallbackBuffer', ID = '1350'
Method 'SystemTextEncoderFallbackBufferSystemTextEncoderget_FallbackBuffer', ID = '1351'
Method 'SystemStringSystemSRget_Argument_EncoderFallbackNotEmpty', ID = '1353'
Method 'SystemStringSystemTextEncodingget_EncodingName', ID = '1354'
Method 'SystemStringSystemSRFormatSystemStringSystemObjectSystemObject', ID = '1355'
Method 'SystemVoidSystemTextEncoderFallbackBufferInternalInitializeSystemCharpointerSystemCharpointerSystemTextEncoderNLSSystemBoolean', ID = '1356'
Method 'SystemTextEncoderFallbackSystemTextEncodingget_EncoderFallback', ID = '1357'
Method 'SystemBooleanSystemTextEncoderFallbackBufferInternalFallbackSystemCharSystemCharpointer', ID = '1359'
Method 'SystemCharSystemTextEncoderFallbackBufferInternalGetNextChar', ID = '1361'
Method 'SystemBooleanSystemTextUTF8EncodingInRangeSystemInt32SystemInt32SystemInt32', ID = '1364'
Method 'SystemBooleanSystemTextEncoderNLSget_MustFlush', ID = '1365'
Method 'SystemInt32SystemTextUTF8EncodingPtrDiffSystemCharpointerSystemCharpointer', ID = '1366'
Method 'SystemInt32SystemTextASCIIEncodingGetByteCountSystemCharpointerSystemInt32', ID = '1367'
Method 'SystemInt32SystemTextUTF8EncodingGetByteCountSystemCharpointerSystemInt32', ID = '1368'
Method 'SystemStringSystemTextEncoderReplacementFallbackget_DefaultString', ID = '1369'
Method 'SystemVoidSystemTextEncodingThrowBytesOverflowSystemTextEncoderNLSSystemBoolean', ID = '1370'
Method 'SystemInt32SystemTextUTF8EncodingPtrDiffSystemBytepointerSystemBytepointer', ID = '1372'
Method 'SystemInt32SystemTextASCIIEncodingGetBytesSystemCharpointerSystemInt32SystemBytepointerSystemInt32', ID = '1373'
Method 'SystemInt32SystemTextUTF8EncodingGetBytesSystemCharpointerSystemInt32SystemBytepointerSystemInt32', ID = '1374'
Method 'SystemVoidCosmosCoreMemoryOperationsFillSystemUInt16pointerSystemUInt16SystemInt32', ID = '1376'
Method 'SystemStringSystemGuidToStringSystemStringSystemIFormatProvider', ID = '1378'
Method 'SystemTextStringBuilderSystemTextStringBuilderCacheAcquireSystemInt32', ID = '1379'
Method 'SystemTextStringBuilderSystemTextStringBuilderAppendSystemString', ID = '1380'
Method 'SystemTextStringBuilderSystemTextStringBuilderAppendSystemCharpointerSystemInt32', ID = '1381'
Method 'SystemStringSystemTextStringBuilderCacheGetStringAndReleaseSystemTextStringBuilder', ID = '1382'
Method 'SystemStringSystemGlobalizationCultureInfoToString', ID = '1384'
Method 'SystemStringCosmosCore_PlugsSystemStringImplChangeCasingSystemStringSystemInt32SystemInt32SystemInt32', ID = '1386'
Method 'SystemArgumentExceptionSystemThrowHelperGetArgumentExceptionSystemExceptionResourceSystemExceptionArgument', ID = '1387'
Method 'SystemVoidSystemCollectionsGenericList1anonymousTypeCosmosHALBlockDeviceMBRPartInfoset_CapacitySystemInt32', ID = '1389'
Method 'SystemVoidSystemCollectionsGenericList1anonymousTypeCosmosHALBlockDeviceEBRPartInfoset_CapacitySystemInt32', ID = '1390'
Method 'SystemVoidCosmosHALBlockDeviceRegistersFISRegisterH2Dset_LBA3SystemByte', ID = '1393'
Method 'SystemVoidCosmosHALBlockDeviceRegistersFISRegisterH2Dset_LBA4SystemByte', ID = '1394'
Method 'SystemVoidCosmosHALBlockDeviceRegistersFISRegisterH2Dset_LBA5SystemByte', ID = '1395'
Method 'SystemVoidCosmosHALBlockDeviceRegistersFISRegisterH2Dset_CountHSystemByte', ID = '1396'
Method 'SystemBooleanSystemCharIsWhiteSpaceSystemChar', ID = '1397'
Method 'SystemGlobalizationUnicodeCategorySystemGlobalizationCharUnicodeInfoInternalGetUnicodeCategorySystemInt32', ID = '1400'
Method 'SystemVoidSystemCollectionsGenericList1anonymousTypeCosmosSystemKeyMappingctorSystemInt32', ID = '1401'
Method 'SystemVoidCosmosSystemKeyMappingctorSystemByteCosmosSystemConsoleKeyEx', ID = '1402'
Method 'SystemVoidSystemCollectionsGenericList1anonymousTypeCosmosSystemKeyMappingAddCosmosSystemKeyMapping', ID = '1403'
Method 'SystemVoidCosmosSystemKeyMappingctorSystemByteSystemCharSystemCharSystemCharSystemCharSystemCharSystemCharCosmosSystemConsoleKeyEx', ID = '1404'
Method 'SystemVoidCosmosSystemKeyMappingctorSystemByteSystemCharCosmosSystemConsoleKeyEx', ID = '1405'
Method 'SystemVoidCosmosSystemKeyMappingctorSystemByteSystemCharSystemCharSystemCharSystemCharSystemCharSystemCharCosmosSystemConsoleKeyExCosmosSystemConsoleKeyEx', ID = '1406'
Method 'SystemVoidSystemCollectionsGenericList1anonymousTypeCosmosHALKeyboardBaseset_CapacitySystemInt32', ID = '1407'
Method 'SystemBooleanSystemCollectionsGenericList1EnumeratoranonymousTypeCosmosHALKeyboardBaseMoveNextRare', ID = '1408'
Method 'CosmosCoreCPUCosmosCoreGlobalget_CPU', ID = '1411'
Method 'SystemVoidCosmosCoreCPUReboot', ID = '1412'
Method 'SystemVoidCosmosSystemKeyEventctor', ID = '1413'
Method 'SystemConsoleModifiersCosmosSystemKeyEventget_Modifiers', ID = '1414'
Method 'SystemVoidCosmosSystemKeyEventset_ModifiersSystemConsoleModifiers', ID = '1415'
Method 'SystemVoidCosmosSystemKeyEventset_TypeCosmosSystemKeyEventKeyEventType', ID = '1416'
Method 'SystemVoidCosmosSystemKeyEventset_KeyCharSystemChar', ID = '1417'
Method 'SystemVoidCosmosSystemKeyEventset_KeyCosmosSystemConsoleKeyEx', ID = '1418'
Method 'SystemVoidSystemCollectionsGenericQueue1anonymousTypeCosmosSystemKeyEventSetCapacitySystemInt32', ID = '1419'
Method 'SystemVoidSystemCollectionsGenericQueue1anonymousTypeCosmosSystemKeyEventMoveNextSystemInt32', ID = '1420'
Method 'SystemDoubleCosmosSystem_PlugsSystemMathImplSqrtSystemDouble', ID = '1422'
Method 'SystemTypeCosmosCore_PlugsSystemTypeImplGetTypeFromHandleSystemUInt64', ID = '1424'
Method 'SystemObjectCosmosCore_PlugsSystemCollectionsGenericComparerHelpersImplCreateDefaultEqualityComparerSystemType', ID = '1426'
Method 'SystemBooleanCosmosCore_PlugsSystemStringImplInternalUseRandomizedHashing', ID = '1427'
Method 'SystemVoidSystemTextEncodingctorSystemInt32', ID = '1428'
Method 'SystemVoidCosmosCore_PlugsSystemBufferImpl__MemmoveSystemBytepointerSystemBytepointerSystemUInt32', ID = '1429'
Method 'SystemVoidSystemTextUTF8Encodingcctor', ID = '1430'
Method 'SystemVoidSystemTextEncodingSetDefaultFallbacks', ID = '1431'
Method 'SystemTextEncoderFallbackSystemTextEncoderFallbackget_ReplacementFallback', ID = '1433'
Method 'SystemInt32SystemTextEncoderReplacementFallbackget_MaxCharCount', ID = '1434'
Method 'SystemBooleanSystemCharIsHighSurrogateSystemChar', ID = '1436'
Method 'SystemBooleanSystemCharIsLowSurrogateSystemChar', ID = '1437'
Method 'SystemInt32SystemCharConvertToUtf32SystemCharSystemChar', ID = '1438'
Method 'SystemVoidSystemTextEncoderFallbackBufferThrowLastCharRecursiveSystemInt32', ID = '1439'
Method 'SystemTextEncoderFallbackBufferSystemTextEncoderReplacementFallbackCreateFallbackBuffer', ID = '1442'
Method 'SystemTextEncoderFallbackBufferCosmosCore_PlugsSystemTextEncoderFallbackImplCreateFallbackBuffer', ID = '1443'
Method 'SystemVoidSystemTextEncoderFallbackBufferInternalReset', ID = '1445'
Method 'SystemVoidSystemTextEncodingThrowBytesOverflow', ID = '1446'
Method 'SystemVoidSystemTextEncoderNLSClearMustFlush', ID = '1447'
Method 'SystemVoidCosmosCore_PlugsMemoryOperationsMemoryOperationsImplCopySystemBytepointerSystemBytepointerSystemInt32', ID = '1448'
Method 'SystemStringSystemSRget_Format_InvalidGuidFormatSpecification', ID = '1450'
Method 'SystemInt32SystemGuidHexsToCharsSystemCharpointerSystemInt32SystemInt32', ID = '1451'
Method 'SystemInt32SystemGuidHexsToCharsHexOutputSystemCharpointerSystemInt32SystemInt32', ID = '1452'
Method 'SystemInt32SystemTextStringBuilderget_Capacity', ID = '1456'
Method 'SystemTextStringBuilderSystemTextStringBuilderClear', ID = '1457'
Method 'SystemVoidSystemTextStringBuilderctorSystemInt32', ID = '1458'
Method 'SystemVoidSystemTextStringBuilderAppendHelperSystemString', ID = '1459'
Method 'SystemStringSystemSRget_ArgumentOutOfRange_NegativeCount', ID = '1460'
Method 'SystemInt32SystemTextStringBuilderget_Length', ID = '1461'
Method 'SystemStringSystemSRget_ArgumentOutOfRange_LengthGreaterThanCapacity', ID = '1462'
Method 'SystemVoidSystemTextStringBuilderThreadSafeCopySystemCharpointerSystemChararraySystemInt32SystemInt32', ID = '1463'
Method 'SystemVoidSystemTextStringBuilderExpandByABlockSystemInt32', ID = '1464'
Method 'SystemVoidSystemTextStringBuilderCacheReleaseSystemTextStringBuilder', ID = '1465'
Method 'SystemVoidCosmosCore_PlugsSystemGlobalizationCultureInfoImplCCtor', ID = '1466'
Method 'SystemVoidCosmosCore_PlugsMemoryOperationsMemoryOperationsImplFillSystemBytepointerSystemInt32SystemInt32', ID = '1467'
Method 'SystemBooleanSystemCharIsWhiteSpaceLatin1SystemChar', ID = '1468'
Method 'SystemBooleanSystemGlobalizationCharUnicodeInfoIsWhiteSpaceSystemChar', ID = '1469'
Method 'SystemByteSystemGlobalizationCharUnicodeInfoInternalGetCategoryValueSystemInt32SystemInt32', ID = '1471'
Method 'SystemVoidSystemCollectionsGenericList1anonymousTypeCosmosSystemKeyMappingAddWithResizeCosmosSystemKeyMapping', ID = '1473'
Method 'SystemVoidCosmosSystemKeyMappingctorSystemByteSystemCharSystemCharSystemCharSystemCharSystemCharSystemCharSystemCharSystemCharSystemCharSystemCharCosmosSystemConsoleKeyEx', ID = '1474'
Method 'SystemVoidCosmosSystemKeyMappingctorSystemByteSystemCharSystemCharSystemCharSystemCharSystemCharSystemCharSystemCharCosmosSystemConsoleKeyExCosmosSystemConsoleKeyEx', ID = '1475'
Method 'SystemVoidSystemCollectionsGenericList1anonymousTypeCosmosSystemKeyMappingcctor', ID = '1476'
Method 'SystemVoidSystemMathcctor', ID = '1485'
Method 'SystemInt32CosmosSystem_PlugsSystemMathImplHighWordSystemDouble', ID = '1487'
Method 'SystemInt32CosmosSystem_PlugsSystemMathImplLowWordSystemDouble', ID = '1488'
Method 'SystemBytearraySystemBitConverterGetBytesSystemInt64', ID = '1489'
Method 'SystemBytearraySystemBitConverterGetBytesSystemInt32', ID = '1490'
Method 'SystemBytearraySystemBitConverterGetBytesSystemUInt32', ID = '1491'
Method 'SystemDoubleSystemBitConverterToDoubleSystemBytearraySystemInt32', ID = '1492'
Method 'SystemVoidCosmosCore_PlugsSystemCollectionsGenericByteEqualityComparerctor', ID = '1496'
Method 'SystemVoidCosmosCore_PlugsSystemCollectionsGenericSByteEqualityComparerctor', ID = '1498'
Method 'SystemVoidCosmosCore_PlugsSystemCollectionsGenericStringEqualityComparerctor', ID = '1499'
Method 'SystemVoidCosmosCore_PlugsSystemCollectionsGenericInt32EqualityComparerctor', ID = '1500'
Method 'SystemVoidCosmosCore_PlugsSystemCollectionsGenericUInt32EqualityComparerctor', ID = '1501'
Method 'SystemVoidCosmosCore_PlugsSystemCollectionsGenericInt64EqualityComparerctor', ID = '1502'
Method 'SystemVoidCosmosCore_PlugsSystemCollectionsGenericUInt64EqualityComparerctor', ID = '1503'
Method 'SystemVoidCosmosCore_PlugsSystemCollectionsGenericCharEqualityComparerctor', ID = '1504'
Method 'SystemVoidCosmosCore_PlugsSystemCollectionsGenericInt16EqualityComparerctor', ID = '1506'
Method 'SystemVoidCosmosCore_PlugsSystemCollectionsGenericUInt16EqualityComparerctor', ID = '1507'
Method 'SystemVoidCosmosCore_PlugsSystemCollectionsGenericGuidEqualityComparerctor', ID = '1508'
Method 'SystemVoidCosmosCore_PlugsSystemCollectionsGenericObjectEqualityComparerctor', ID = '1509'
Method 'SystemVoidSystemTextASCIIEncodingSetDefaultFallbacks', ID = '1512'
Method 'SystemVoidSystemTextUTF8EncodingSetDefaultFallbacks', ID = '1513'
Method 'SystemVoidSystemTextInternalEncoderBestFitFallbackctorSystemTextEncoding', ID = '1514'
Method 'SystemVoidSystemTextInternalDecoderBestFitFallbackctorSystemTextEncoding', ID = '1515'
Method 'SystemVoidSystemThreadingMonitorEnterSystemObjectSystemBoolean', ID = '1518'
Method 'SystemVoidSystemTextEncoderReplacementFallbackctor', ID = '1519'
Method 'SystemStringSystemSRget_ArgumentOutOfRange_InvalidHighSurrogate', ID = '1521'
Method 'SystemStringSystemSRget_ArgumentOutOfRange_InvalidLowSurrogate', ID = '1522'
Method 'SystemStringSystemSRget_Argument_RecursiveFallback', ID = '1523'
Method 'SystemVoidSystemTextEncoderReplacementFallbackBufferctorSystemTextEncoderReplacementFallback', ID = '1524'
Method 'SystemVoidSystemTextEncoderFallbackBufferReset', ID = '1526'
Method 'SystemStringSystemSRget_Argument_EncodingConversionOverflowBytes', ID = '1527'
Method 'SystemVoidCosmosCore_PlugsMemoryOperationsMemoryOperationsImplCopyTinySystemBytepointerSystemBytepointerSystemInt32', ID = '1529'
Method 'SystemInt32SystemMathDivRemSystemInt32SystemInt32SystemInt32', ID = '1530'
Method 'SystemVoidCosmosCore_PlugsMemoryOperationsMemoryOperationsImplCopy128BlocksSystemBytepointerSystemBytepointerSystemInt32', ID = '1531'
Method 'SystemCharSystemGuidHexToCharSystemInt32', ID = '1532'
Method 'SystemStringSystemTextStringBuilderToString', ID = '1533'
Method 'SystemVoidSystemTextStringBuilderset_LengthSystemInt32', ID = '1534'
Method 'SystemVoidSystemTextStringBuilderctorSystemInt32SystemInt32', ID = '1535'
Method 'SystemStringSystemSRget_ArgumentOutOfRange_SmallCapacity', ID = '1536'
Method 'SystemInt32SystemMathMinSystemInt32SystemInt32', ID = '1537'
Method 'SystemInt32SystemMathMaxSystemInt32SystemInt32', ID = '1538'
Method 'SystemVoidSystemTextStringBuilderctorSystemTextStringBuilder', ID = '1539'
Method 'SystemVoidCosmosCore_PlugsMemoryOperationsMemoryOperationsImplFill16BlocksSystemBytepointerSystemInt32SystemInt32', ID = '1540'
Method 'SystemVoidCosmosCore_PlugsSystemCharUnicodeInfoImplCctor', ID = '1541'
Method 'SystemVoidSystemCollectionsGenericList1anonymousTypeCosmosSystemKeyMappingEnsureCapacitySystemInt32', ID = '1544'
Method 'SystemVoidCosmosSystemKeyMappingctorSystemByteSystemCharSystemCharSystemCharSystemCharSystemCharSystemCharSystemCharSystemCharSystemCharSystemCharCosmosSystemConsoleKeyExCosmosSystemConsoleKeyEx', ID = '1545'
Method 'SystemVoidCosmosCore_AsmCPUImplHalt', ID = '1546'
Method 'SystemVoidCosmosSystem_PlugsSystemMathImplcctor', ID = '1550'
Method 'SystemInt32SystemBitConverterToInt32SystemBytearraySystemInt32', ID = '1551'
Method 'SystemInt64SystemRuntimeCompilerServicesUnsafeAsSystemByteSystemInt64SystemByte', ID = '1552'
Method 'SystemInt32SystemRuntimeCompilerServicesUnsafeAsSystemByteSystemInt32SystemByte', ID = '1553'
Method 'SystemUInt32SystemRuntimeCompilerServicesUnsafeAsSystemByteSystemUInt32SystemByte', ID = '1554'
Method 'SystemInt64SystemBitConverterReadInt64SystemBytearraySystemInt32', ID = '1555'
Method 'SystemVoidCosmosCore_PlugsSystemCollectionsGenericComparerHelpersImplcctor', ID = '1556'
Method 'SystemVoidCosmosDebugKernelPlugsAsmDebuggerAsmDoBochsBreak', ID = '1557'
Method 'SystemBooleanCosmosCore_PlugsSystemTypeImplop_EqualityCosmosCoreCosmosRuntimeTypeCosmosCoreCosmosRuntimeType', ID = '1558'
Method 'SystemVoidSystemCollectionsGenericEqualityComparer1anonymousTypeSystemBytector', ID = '1560'
Method 'SystemVoidSystemCollectionsGenericEqualityComparer1anonymousTypeSystemSBytector', ID = '1565'
Method 'SystemVoidSystemCollectionsGenericEqualityComparer1anonymousTypeSystemInt32ctor', ID = '1568'
Method 'SystemVoidSystemCollectionsGenericEqualityComparer1anonymousTypeSystemUInt32ctor', ID = '1570'
Method 'SystemVoidSystemCollectionsGenericEqualityComparer1anonymousTypeSystemInt64ctor', ID = '1572'
Method 'SystemVoidSystemCollectionsGenericEqualityComparer1anonymousTypeSystemUInt64ctor', ID = '1574'
Method 'SystemVoidSystemCollectionsGenericEqualityComparer1anonymousTypeSystemCharctor', ID = '1576'
Method 'SystemVoidSystemCollectionsGenericEqualityComparer1anonymousTypeSystemInt16ctor', ID = '1581'
Method 'SystemVoidSystemCollectionsGenericEqualityComparer1anonymousTypeSystemUInt16ctor', ID = '1583'
Method 'SystemVoidSystemCollectionsGenericEqualityComparer1anonymousTypeSystemGuidctor', ID = '1585'
Method 'SystemVoidSystemCollectionsGenericEqualityComparer1anonymousTypeSystemObjectctor', ID = '1587'
Method 'SystemTextDecoderFallbackSystemTextDecoderFallbackget_ReplacementFallback', ID = '1588'
Method 'SystemTextEncoderFallbackSystemTextEncoderFallbackget_ExceptionFallback', ID = '1589'
Method 'SystemTextDecoderFallbackSystemTextDecoderFallbackget_ExceptionFallback', ID = '1590'
Method 'SystemVoidSystemTextEncoderReplacementFallbackctorSystemString', ID = '1591'
Method 'SystemVoidSystemTextDecoderReplacementFallbackctorSystemString', ID = '1592'
Method 'SystemVoidSystemTextEncoderFallbackctor', ID = '1594'
Method 'SystemVoidSystemTextDecoderFallbackctor', ID = '1596'
Method 'SystemObjectCosmosCore_PlugsSystemTextEncoderFallbackImplget_InternalSyncObject', ID = '1598'
Method 'SystemVoidSystemThreadingMonitorThrowLockTakenException', ID = '1601'
Method 'SystemVoidCosmosCore_PlugsSystemThreadingMonitorImplExitSystemObject', ID = '1603'
Method 'SystemVoidSystemTextEncoderFallbackBufferctor', ID = '1605'
Method 'SystemVoidSystemTextEncoderReplacementFallbackBufferReset', ID = '1606'
Method 'SystemVoidCosmosCore_PlugsMemoryOperationsMemoryOperationsImplCopy64BytesSystemBytepointerSystemBytepointer', ID = '1607'
Method 'SystemVoidCosmosCore_PlugsMemoryOperationsMemoryOperationsImplCopy16BytesSystemBytepointerSystemBytepointer', ID = '1608'
Method 'SystemVoidCosmosCore_PlugsMemoryOperationsMemoryOperationsImplCopy32BytesSystemBytepointerSystemBytepointer', ID = '1609'
Method 'SystemVoidCosmosCore_PlugsMemoryOperationsMemoryOperationsImplCopy128BytesSystemBytepointerSystemBytepointer', ID = '1610'
Method 'SystemInt32SystemTextStringBuilderget_MaxCapacity', ID = '1611'
Method 'SystemTextStringBuilderSystemTextStringBuilderAppendSystemCharSystemInt32', ID = '1612'
Method 'SystemTextStringBuilderSystemTextStringBuilderFindChunkForIndexSystemInt32', ID = '1613'
Method 'SystemStringSystemSRget_ArgumentOutOfRange_Capacity', ID = '1614'
Method 'SystemStringSystemSRget_ArgumentOutOfRange_SmallMaxCapacity', ID = '1615'
Method 'SystemStringSystemSRget_ArgumentOutOfRange_MustBePositive', ID = '1616'
Method 'SystemVoidSystemCollectionsGenericList1anonymousTypeCosmosSystemKeyMappingset_CapacitySystemInt32', ID = '1618'
Method 'SystemInt64SystemRuntimeCompilerServicesUnsafeReadUnalignedSystemInt64SystemByte', ID = '1620'
Method 'SystemInt32CosmosCore_PlugsSystemCollectionsGenericByteEqualityComparerGetHashCodeSystemByte', ID = '1622'
Method 'SystemBooleanCosmosCore_PlugsSystemCollectionsGenericByteEqualityComparerEqualsSystemByteSystemByte', ID = '1623'
Method 'SystemStringCosmosSystem_PlugsSystemSByteImplToString', ID = '1624'
Method 'SystemStringCosmosSystem_PlugsSystemInt16ImplToString', ID = '1637'
Method 'SystemVoidSystemTextDecoderReplacementFallbackctor', ID = '1648'
Method 'SystemVoidSystemTextEncoderExceptionFallbackctor', ID = '1650'
Method 'SystemVoidSystemTextDecoderExceptionFallbackctor', ID = '1652'
Method 'SystemBooleanSystemCharIsSurrogateSystemStringSystemInt32', ID = '1653'
Method 'SystemBooleanSystemCharIsHighSurrogateSystemStringSystemInt32', ID = '1654'
Method 'SystemStringSystemSRget_Argument_InvalidCharSequenceNoIndex', ID = '1655'
Method 'SystemInt32SystemTextInternalEncoderBestFitFallbackget_MaxCharCount', ID = '1657'
Method 'SystemStringSystemSRget_Argument_MustBeFalse', ID = '1659'
Method 'SystemVoidCosmosCore_PlugsSystemThreadingMonitorImplReliableEnterSystemObjectSystemBoolean', ID = '1660'
Method 'SystemInt32SystemTextEncoderReplacementFallbackBufferget_Remaining', ID = '1662'
Method 'SystemBooleanSystemTextEncoderReplacementFallbackBufferMovePrevious', ID = '1663'
Method 'SystemBooleanSystemTextEncoderReplacementFallbackBufferFallbackSystemCharSystemCharSystemInt32', ID = '1664'
Method 'SystemBooleanSystemTextEncoderReplacementFallbackBufferFallbackSystemCharSystemInt32', ID = '1665'
Method 'SystemCharSystemTextEncoderReplacementFallbackBufferGetNextChar', ID = '1666'
Method 'SystemInt32SystemByteGetHashCode', ID = '1667'
Method 'SystemBooleanSystemObjectEqualsSystemObjectSystemObject', ID = '1668'
Method 'SystemVoidSystemCollectionsGenericEqualityComparer1anonymousTypeSystemSBytecctor', ID = '1671'
Method 'SystemVoidSystemCollectionsGenericEqualityComparer1anonymousTypeSystemInt32cctor', ID = '1672'
Method 'SystemVoidSystemCollectionsGenericEqualityComparer1anonymousTypeSystemUInt32cctor', ID = '1673'
Method 'SystemVoidSystemCollectionsGenericEqualityComparer1anonymousTypeSystemInt64cctor', ID = '1674'
Method 'SystemVoidSystemCollectionsGenericEqualityComparer1anonymousTypeSystemUInt64cctor', ID = '1675'
Method 'SystemVoidSystemCollectionsGenericEqualityComparer1anonymousTypeSystemCharcctor', ID = '1676'
Method 'SystemVoidSystemCollectionsGenericEqualityComparer1anonymousTypeSystemInt16cctor', ID = '1679'
Method 'SystemVoidSystemCollectionsGenericEqualityComparer1anonymousTypeSystemUInt16cctor', ID = '1680'
Method 'SystemVoidSystemCollectionsGenericEqualityComparer1anonymousTypeSystemGuidcctor', ID = '1681'
Method 'SystemVoidSystemCollectionsGenericEqualityComparer1anonymousTypeSystemObjectcctor', ID = '1682'
Method 'SystemObjectCosmosCore_PlugsSystemTextDecoderFallbackImplget_InternalSyncObject', ID = '1683'
Method 'SystemBooleanSystemCharIsSurrogateSystemChar', ID = '1686'
Method 'SystemTextEncoderFallbackBufferCosmosCore_PlugsSystemTextInternalEncoderBestFitFallbackImplCreateFallbackBuffer', ID = '1687'
Method 'SystemStringSystemSRget_ArgumentOutOfRange_Range', ID = '1688'
Method 'SystemInt32SystemStringGetHashCode', ID = '1691'
Method 'SystemInt32SystemInt32GetHashCode', ID = '1692'
Method 'SystemInt32SystemUInt32GetHashCode', ID = '1693'
Method 'SystemInt32SystemBooleanGetHashCode', ID = '1694'
Method 'SystemInt32SystemMulticastDelegateGetHashCode', ID = '1695'
Method 'SystemInt32SystemDelegateGetHashCode', ID = '1696'
Method 'SystemInt32SystemDoubleGetHashCode', ID = '1697'
Method 'SystemInt32SystemNullable1anonymousTypeSystemByteGetHashCode', ID = '1699'
Method 'SystemInt32SystemTypeGetHashCode', ID = '1700'
Method 'SystemInt32SystemInt64GetHashCode', ID = '1701'
Method 'SystemInt32SystemUInt16GetHashCode', ID = '1703'
Method 'SystemInt32SystemCharGetHashCode', ID = '1704'
Method 'SystemInt32SystemTextEncodingGetHashCode', ID = '1705'
Method 'SystemInt32SystemReflectionMemberInfoGetHashCode', ID = '1706'
Method 'SystemInt32SystemUInt64GetHashCode', ID = '1707'
Method 'SystemInt32SystemCollectionsGenericGenericEqualityComparer1anonymousTypeSystemStringGetHashCode', ID = '1708'
Method 'SystemInt32SystemGuidGetHashCode', ID = '1709'
Method 'SystemInt32SystemRuntimeFieldHandleGetHashCode', ID = '1710'
Method 'SystemInt32SystemTextUTF8EncodingGetHashCode', ID = '1711'
Method 'SystemInt32SystemTextEncoderReplacementFallbackGetHashCode', ID = '1713'
Method 'SystemInt32SystemRuntimeTypeHandleGetHashCode', ID = '1714'
Method 'SystemInt32SystemSByteGetHashCode', ID = '1715'
Method 'SystemInt32SystemInt16GetHashCode', ID = '1716'
Method 'SystemInt32SystemTextInternalEncoderBestFitFallbackGetHashCode', ID = '1717'
Method 'SystemInt32SystemTextInternalDecoderBestFitFallbackGetHashCode', ID = '1718'
Method 'SystemInt32SystemTextDecoderReplacementFallbackGetHashCode', ID = '1719'
Method 'SystemInt32SystemTextEncoderExceptionFallbackGetHashCode', ID = '1720'
Method 'SystemInt32SystemTextDecoderExceptionFallbackGetHashCode', ID = '1721'
Method 'SystemBooleanSystemObjectEqualsSystemObject', ID = '1722'
Method 'SystemInt32SystemTextEncoderExceptionFallbackget_MaxCharCount', ID = '1734'
Method 'SystemTextEncoderFallbackBufferSystemTextEncoderExceptionFallbackCreateFallbackBuffer', ID = '1735'
Method 'SystemInt32CosmosCore_PlugsSystemObjectImplGetHashCode', ID = '1737'
Method 'SystemInt32CosmosSystem_PlugsSystemValueTypeImplGetHashCode', ID = '1738'
Method 'SystemInt32SystemStringGetLegacyNonRandomizedHashCode', ID = '1740'
Method 'SystemBooleanSystemMulticastDelegateIsUnmanagedFunctionPtr', ID = '1741'
Method 'SystemBooleanSystemIntPtrIsNull', ID = '1743'
Method 'SystemInt32CosmosSystem_PlugsSystemIntPtrImplGetHashCode', ID = '1745'
Method 'SystemInt32CosmosSystem_PlugsSystemEnumImplGetHashCode', ID = '1747'
Method 'SystemTextDecoderFallbackSystemTextEncodingget_DecoderFallback', ID = '1748'
Method 'SystemIntPtrSystemRuntimeFieldHandleget_Value', ID = '1749'
Method 'SystemInt32CosmosCore_PlugsSystemGlobalizationCultureInfoImplGetHashCode', ID = '1750'
Method 'SystemInt32SystemTextEncodingget_CodePage', ID = '1752'
Method 'SystemBooleanSystemStringEqualsSystemObject', ID = '1754'
Method 'SystemBooleanSystemInt32EqualsSystemObject', ID = '1755'
Method 'SystemBooleanSystemUInt32EqualsSystemObject', ID = '1756'
Method 'SystemBooleanSystemBooleanEqualsSystemObject', ID = '1757'
Method 'SystemBooleanSystemDoubleEqualsSystemObject', ID = '1760'
Method 'SystemBooleanSystemIntPtrEqualsSystemObject', ID = '1761'
Method 'SystemBooleanSystemNullable1anonymousTypeSystemByteEqualsSystemObject', ID = '1762'
Method 'SystemBooleanSystemTypeEqualsSystemObject', ID = '1763'
Method 'SystemBooleanSystemInt64EqualsSystemObject', ID = '1764'
Method 'SystemBooleanSystemByteEqualsSystemObject', ID = '1765'
Method 'SystemBooleanSystemUInt16EqualsSystemObject', ID = '1767'
Method 'SystemBooleanSystemCharEqualsSystemObject', ID = '1768'
Method 'SystemBooleanSystemTextEncodingEqualsSystemObject', ID = '1769'
Method 'SystemBooleanSystemReflectionMemberInfoEqualsSystemObject', ID = '1770'
Method 'SystemBooleanSystemUInt64EqualsSystemObject', ID = '1771'
Method 'SystemBooleanSystemCollectionsGenericGenericEqualityComparer1anonymousTypeSystemStringEqualsSystemObject', ID = '1772'
Method 'SystemBooleanSystemGuidEqualsSystemObject', ID = '1773'
Method 'SystemBooleanSystemRuntimeFieldHandleEqualsSystemObject', ID = '1774'
Method 'SystemBooleanSystemTextUTF8EncodingEqualsSystemObject', ID = '1775'
Method 'SystemBooleanSystemTextEncoderReplacementFallbackEqualsSystemObject', ID = '1777'
Method 'SystemBooleanSystemRuntimeTypeHandleEqualsSystemObject', ID = '1778'
Method 'SystemBooleanSystemSByteEqualsSystemObject', ID = '1779'
Method 'SystemBooleanSystemInt16EqualsSystemObject', ID = '1780'
Method 'SystemBooleanSystemTextInternalEncoderBestFitFallbackEqualsSystemObject', ID = '1781'
Method 'SystemBooleanSystemTextInternalDecoderBestFitFallbackEqualsSystemObject', ID = '1782'
Method 'SystemBooleanSystemTextDecoderReplacementFallbackEqualsSystemObject', ID = '1783'
Method 'SystemBooleanSystemTextEncoderExceptionFallbackEqualsSystemObject', ID = '1784'
Method 'SystemBooleanSystemTextDecoderExceptionFallbackEqualsSystemObject', ID = '1785'
Method 'SystemVoidSystemTextEncoderExceptionFallbackBufferctor', ID = '1787'
Method 'SystemInt32CosmosCore_PlugsSystemStringImplInternalMarvin32HashStringSystemStringSystemInt32SystemInt64', ID = '1789'
Method 'SystemIntPtrSystemIntPtrop_ExplicitSystemInt32', ID = '1790'
Method 'SystemBooleanSystemIntPtrop_EqualitySystemIntPtrSystemIntPtr', ID = '1791'
Method 'SystemInt32CosmosSystem_PlugsSystemValueTypeImplGetHashCodeOfPtrSystemIntPtr', ID = '1792'
Method 'SystemInt32CosmosCore_PlugsSystemRuntimeCompilerServicesRuntimeHelpersImplGetHashCodeSystemObject', ID = '1793'
Method 'SystemTypeCosmosCoreCosmosRuntimeTypeget_UnderlyingSystemType', ID = '1795'
Method 'SystemIntPtrSystemRuntimeFieldHandleInternalget_Value', ID = '1798'
Method 'SystemBooleanCosmosCore_PlugsSystemTypeImplop_InequalityCosmosCoreCosmosRuntimeTypeCosmosCoreCosmosRuntimeType', ID = '1799'
Method 'SystemBooleanCosmosSystem_PlugsSystemValueTypeImplEqualsSystemObject', ID = '1800'
Method 'SystemBooleanCosmosCore_PlugsSystemMulticastDelegateImplEqualsSystemObject', ID = '1801'
Method 'SystemBooleanCosmosCore_PlugsSystemDelegateImplEqualsSystemObject', ID = '1802'
Method 'SystemBooleanSystemDoubleIsNaNSystemDouble', ID = '1803'
Method 'SystemBooleanSystemTypeEqualsSystemType', ID = '1804'
Method 'SystemBooleanCosmosSystem_PlugsSystemEnumImplEqualsSystemObject', ID = '1805'
Method 'SystemBooleanCosmosCore_PlugsSystemGlobalizationCultureInfoImplEqualsSystemObject', ID = '1806'
Method 'SystemBooleanCosmosCore_PlugsSystemRuntimeCompilerServicesRuntimeHelpersImplEqualsSystemObjectSystemObject', ID = '1807'
Method 'SystemVoidSystemIntPtrctorSystemInt32', ID = '1809'
Method 'SystemVoidSystemNotSupportedExceptionctorSystemString', ID = '1814'
Method 'SystemInt32SystemTextEncoderExceptionFallbackBufferget_Remaining', ID = '1815'
Method 'SystemBooleanSystemTextEncoderExceptionFallbackBufferMovePrevious', ID = '1816'
Method 'SystemBooleanSystemTextEncoderExceptionFallbackBufferFallbackSystemCharSystemCharSystemInt32', ID = '1817'
Method 'SystemBooleanSystemTextEncoderExceptionFallbackBufferFallbackSystemCharSystemInt32', ID = '1818'
Method 'SystemCharSystemTextEncoderExceptionFallbackBufferGetNextChar', ID = '1819'
Method 'SystemStringSystemSRget_Argument_InvalidCodePageConversionIndex', ID = '1821'
Method 'SystemVoidSystemTextEncoderFallbackExceptionctorSystemStringSystemCharSystemCharSystemInt32', ID = '1822'
Method 'SystemVoidSystemTextEncoderFallbackExceptionctorSystemStringSystemCharSystemInt32', ID = '1823'
